{"/Users/kasperwelner/.warp/worktrees/hyper-dispatch/agent/HYDI-84-transition-prs-open/vitest.config.ts": {"path":"/Users/kasperwelner/.warp/worktrees/hyper-dispatch/agent/HYDI-84-transition-prs-open/vitest.config.ts","all":true,"statementMap":{"0":{"start":{"line":1,"column":0},"end":{"line":1,"column":45}},"2":{"start":{"line":3,"column":0},"end":{"line":3,"column":29}},"3":{"start":{"line":4,"column":0},"end":{"line":4,"column":11}},"4":{"start":{"line":5,"column":0},"end":{"line":5,"column":22}},"5":{"start":{"line":6,"column":0},"end":{"line":6,"column":4}},"6":{"start":{"line":7,"column":0},"end":{"line":7,"column":9}},"7":{"start":{"line":8,"column":0},"end":{"line":8,"column":24}},"8":{"start":{"line":9,"column":0},"end":{"line":9,"column":18}},"9":{"start":{"line":10,"column":0},"end":{"line":10,"column":40}},"10":{"start":{"line":11,"column":0},"end":{"line":11,"column":66}},"11":{"start":{"line":12,"column":0},"end":{"line":12,"column":15}},"12":{"start":{"line":13,"column":0},"end":{"line":13,"column":21}},"13":{"start":{"line":14,"column":0},"end":{"line":14,"column":64}},"14":{"start":{"line":15,"column":0},"end":{"line":15,"column":6}},"15":{"start":{"line":16,"column":0},"end":{"line":16,"column":4}},"16":{"start":{"line":17,"column":0},"end":{"line":17,"column":3}}},"s":{"0":0,"2":0,"3":0,"4":0,"5":0,"6":0,"7":0,"8":0,"9":0,"10":0,"11":0,"12":0,"13":0,"14":0,"15":0,"16":0},"branchMap":{"0":{"type":"branch","line":1,"loc":{"start":{"line":1,"column":397},"end":{"line":17,"column":3}},"locations":[{"start":{"line":1,"column":397},"end":{"line":17,"column":3}}]}},"b":{"0":[0]},"fnMap":{"0":{"name":"(empty-report)","decl":{"start":{"line":1,"column":397},"end":{"line":17,"column":3}},"loc":{"start":{"line":1,"column":397},"end":{"line":17,"column":3}},"line":1}},"f":{"0":0}}
,"/Users/kasperwelner/.warp/worktrees/hyper-dispatch/agent/HYDI-84-transition-prs-open/src/config/env.ts": {"path":"/Users/kasperwelner/.warp/worktrees/hyper-dispatch/agent/HYDI-84-transition-prs-open/src/config/env.ts","all":false,"statementMap":{"0":{"start":{"line":1,"column":0},"end":{"line":1,"column":23}},"2":{"start":{"line":3,"column":0},"end":{"line":3,"column":43}},"3":{"start":{"line":4,"column":0},"end":{"line":4,"column":34}},"4":{"start":{"line":5,"column":0},"end":{"line":5,"column":15}},"5":{"start":{"line":6,"column":0},"end":{"line":6,"column":70}},"6":{"start":{"line":7,"column":0},"end":{"line":7,"column":3}},"7":{"start":{"line":8,"column":0},"end":{"line":8,"column":15}},"8":{"start":{"line":9,"column":0},"end":{"line":9,"column":1}},"10":{"start":{"line":11,"column":0},"end":{"line":11,"column":66}},"11":{"start":{"line":12,"column":0},"end":{"line":12,"column":43}},"12":{"start":{"line":13,"column":0},"end":{"line":13,"column":1}},"13":{"start":{"line":14,"column":0},"end":{"line":14,"column":65}},"14":{"start":{"line":15,"column":0},"end":{"line":15,"column":27}},"15":{"start":{"line":16,"column":0},"end":{"line":16,"column":1}},"17":{"start":{"line":18,"column":0},"end":{"line":18,"column":20}},"19":{"start":{"line":20,"column":0},"end":{"line":20,"column":45}},"20":{"start":{"line":21,"column":0},"end":{"line":21,"column":45}},"21":{"start":{"line":22,"column":0},"end":{"line":22,"column":47}},"24":{"start":{"line":25,"column":0},"end":{"line":25,"column":43}},"27":{"start":{"line":28,"column":0},"end":{"line":28,"column":43}},"30":{"start":{"line":31,"column":0},"end":{"line":31,"column":43}},"31":{"start":{"line":32,"column":0},"end":{"line":32,"column":71}},"34":{"start":{"line":35,"column":0},"end":{"line":35,"column":61}},"35":{"start":{"line":36,"column":0},"end":{"line":36,"column":63}},"36":{"start":{"line":37,"column":0},"end":{"line":37,"column":83}},"39":{"start":{"line":40,"column":0},"end":{"line":40,"column":81}},"40":{"start":{"line":41,"column":0},"end":{"line":41,"column":83}},"43":{"start":{"line":44,"column":0},"end":{"line":44,"column":50}},"44":{"start":{"line":45,"column":0},"end":{"line":45,"column":11}},"56":{"start":{"line":57,"column":0},"end":{"line":57,"column":62}},"60":{"start":{"line":61,"column":0},"end":{"line":61,"column":3}},"61":{"start":{"line":62,"column":0},"end":{"line":62,"column":10}},"62":{"start":{"line":63,"column":0},"end":{"line":63,"column":55}},"63":{"start":{"line":64,"column":0},"end":{"line":64,"column":62}},"64":{"start":{"line":65,"column":0},"end":{"line":65,"column":52}},"65":{"start":{"line":66,"column":0},"end":{"line":66,"column":4}},"66":{"start":{"line":67,"column":0},"end":{"line":67,"column":1}}},"s":{"0":1,"2":264,"3":264,"4":264,"5":0,"6":0,"7":264,"8":264,"10":132,"11":132,"12":132,"13":176,"14":176,"15":176,"17":1,"19":1,"20":1,"21":1,"24":1,"27":1,"30":1,"31":1,"34":1,"35":1,"36":1,"39":1,"40":1,"43":1,"44":1,"56":1,"60":0,"61":0,"62":0,"63":0,"64":0,"65":0,"66":0},"branchMap":{"0":{"type":"branch","line":3,"loc":{"start":{"line":3,"column":0},"end":{"line":9,"column":1}},"locations":[{"start":{"line":3,"column":0},"end":{"line":9,"column":1}}]},"1":{"type":"branch","line":5,"loc":{"start":{"line":5,"column":14},"end":{"line":7,"column":3}},"locations":[{"start":{"line":5,"column":14},"end":{"line":7,"column":3}}]},"2":{"type":"branch","line":11,"loc":{"start":{"line":11,"column":0},"end":{"line":13,"column":1}},"locations":[{"start":{"line":11,"column":0},"end":{"line":13,"column":1}}]},"3":{"type":"branch","line":12,"loc":{"start":{"line":12,"column":25},"end":{"line":12,"column":43}},"locations":[{"start":{"line":12,"column":25},"end":{"line":12,"column":43}}]},"4":{"type":"branch","line":14,"loc":{"start":{"line":14,"column":0},"end":{"line":16,"column":1}},"locations":[{"start":{"line":14,"column":0},"end":{"line":16,"column":1}}]}},"b":{"0":[264],"1":[0],"2":[132],"3":[0],"4":[176]},"fnMap":{"0":{"name":"requireEnv","decl":{"start":{"line":3,"column":0},"end":{"line":9,"column":1}},"loc":{"start":{"line":3,"column":0},"end":{"line":9,"column":1}},"line":3},"1":{"name":"optionalEnv","decl":{"start":{"line":11,"column":0},"end":{"line":13,"column":1}},"loc":{"start":{"line":11,"column":0},"end":{"line":13,"column":1}},"line":11},"2":{"name":"optionalEnvUndefined","decl":{"start":{"line":14,"column":0},"end":{"line":16,"column":1}},"loc":{"start":{"line":14,"column":0},"end":{"line":16,"column":1}},"line":14},"3":{"name":"resolveProjectTokens","decl":{"start":{"line":57,"column":7},"end":{"line":67,"column":1}},"loc":{"start":{"line":57,"column":7},"end":{"line":67,"column":1}},"line":57}},"f":{"0":264,"1":132,"2":176,"3":0}}
,"/Users/kasperwelner/.warp/worktrees/hyper-dispatch/agent/HYDI-84-transition-prs-open/src/coolify/prod-deployment.ts": {"path":"/Users/kasperwelner/.warp/worktrees/hyper-dispatch/agent/HYDI-84-transition-prs-open/src/coolify/prod-deployment.ts","all":false,"statementMap":{"0":{"start":{"line":1,"column":0},"end":{"line":1,"column":58}},"1":{"start":{"line":2,"column":0},"end":{"line":2,"column":39}},"18":{"start":{"line":19,"column":0},"end":{"line":19,"column":48}},"19":{"start":{"line":20,"column":0},"end":{"line":20,"column":13}},"20":{"start":{"line":21,"column":0},"end":{"line":21,"column":15}},"21":{"start":{"line":22,"column":0},"end":{"line":22,"column":12}},"22":{"start":{"line":23,"column":0},"end":{"line":23,"column":3}},"24":{"start":{"line":25,"column":0},"end":{"line":25,"column":35}},"25":{"start":{"line":26,"column":0},"end":{"line":26,"column":15}},"26":{"start":{"line":27,"column":0},"end":{"line":27,"column":63}},"27":{"start":{"line":28,"column":0},"end":{"line":28,"column":7}},"28":{"start":{"line":29,"column":0},"end":{"line":29,"column":37}},"29":{"start":{"line":30,"column":0},"end":{"line":30,"column":64}},"30":{"start":{"line":31,"column":0},"end":{"line":31,"column":38}},"31":{"start":{"line":32,"column":0},"end":{"line":32,"column":53}},"32":{"start":{"line":33,"column":0},"end":{"line":33,"column":74}},"33":{"start":{"line":34,"column":0},"end":{"line":34,"column":58}},"34":{"start":{"line":35,"column":0},"end":{"line":35,"column":50}},"35":{"start":{"line":36,"column":0},"end":{"line":36,"column":39}},"36":{"start":{"line":37,"column":0},"end":{"line":37,"column":11}},"37":{"start":{"line":38,"column":0},"end":{"line":38,"column":16}},"38":{"start":{"line":39,"column":0},"end":{"line":39,"column":3}},"39":{"start":{"line":40,"column":0},"end":{"line":40,"column":1}},"41":{"start":{"line":42,"column":0},"end":{"line":42,"column":38}},"42":{"start":{"line":43,"column":0},"end":{"line":43,"column":17}},"43":{"start":{"line":44,"column":0},"end":{"line":44,"column":27}},"44":{"start":{"line":45,"column":0},"end":{"line":45,"column":30}},"45":{"start":{"line":46,"column":0},"end":{"line":46,"column":37}},"46":{"start":{"line":47,"column":0},"end":{"line":47,"column":4}},"47":{"start":{"line":48,"column":0},"end":{"line":48,"column":1}},"49":{"start":{"line":50,"column":0},"end":{"line":50,"column":75}},"50":{"start":{"line":51,"column":0},"end":{"line":51,"column":31}},"51":{"start":{"line":52,"column":0},"end":{"line":52,"column":41}},"52":{"start":{"line":53,"column":0},"end":{"line":53,"column":3}},"53":{"start":{"line":54,"column":0},"end":{"line":54,"column":47}},"54":{"start":{"line":55,"column":0},"end":{"line":55,"column":64}},"55":{"start":{"line":56,"column":0},"end":{"line":56,"column":51}},"56":{"start":{"line":57,"column":0},"end":{"line":57,"column":39}},"57":{"start":{"line":58,"column":0},"end":{"line":58,"column":5}},"58":{"start":{"line":59,"column":0},"end":{"line":59,"column":3}},"59":{"start":{"line":60,"column":0},"end":{"line":60,"column":12}},"60":{"start":{"line":61,"column":0},"end":{"line":61,"column":1}},"62":{"start":{"line":63,"column":0},"end":{"line":63,"column":69}},"63":{"start":{"line":64,"column":0},"end":{"line":64,"column":40}},"64":{"start":{"line":65,"column":0},"end":{"line":65,"column":39}},"65":{"start":{"line":66,"column":0},"end":{"line":66,"column":51}},"67":{"start":{"line":68,"column":0},"end":{"line":68,"column":33}},"68":{"start":{"line":69,"column":0},"end":{"line":69,"column":50}},"69":{"start":{"line":70,"column":0},"end":{"line":70,"column":11}},"70":{"start":{"line":71,"column":0},"end":{"line":71,"column":4}},"71":{"start":{"line":72,"column":0},"end":{"line":72,"column":49}},"73":{"start":{"line":74,"column":0},"end":{"line":74,"column":59}},"74":{"start":{"line":75,"column":0},"end":{"line":75,"column":14}},"75":{"start":{"line":76,"column":0},"end":{"line":76,"column":39}},"76":{"start":{"line":77,"column":0},"end":{"line":77,"column":6}},"77":{"start":{"line":78,"column":0},"end":{"line":78,"column":5}},"79":{"start":{"line":80,"column":0},"end":{"line":80,"column":21}},"80":{"start":{"line":81,"column":0},"end":{"line":81,"column":20}},"81":{"start":{"line":82,"column":0},"end":{"line":82,"column":86}},"82":{"start":{"line":83,"column":0},"end":{"line":83,"column":6}},"83":{"start":{"line":84,"column":0},"end":{"line":84,"column":3}},"85":{"start":{"line":86,"column":0},"end":{"line":86,"column":49}},"86":{"start":{"line":87,"column":0},"end":{"line":87,"column":54}},"87":{"start":{"line":88,"column":0},"end":{"line":88,"column":47}},"89":{"start":{"line":90,"column":0},"end":{"line":90,"column":41}},"90":{"start":{"line":91,"column":0},"end":{"line":91,"column":59}},"91":{"start":{"line":92,"column":0},"end":{"line":92,"column":62}},"92":{"start":{"line":93,"column":0},"end":{"line":93,"column":77}},"93":{"start":{"line":94,"column":0},"end":{"line":94,"column":29}},"94":{"start":{"line":95,"column":0},"end":{"line":95,"column":38}},"95":{"start":{"line":96,"column":0},"end":{"line":96,"column":3}},"97":{"start":{"line":98,"column":0},"end":{"line":98,"column":28}},"98":{"start":{"line":99,"column":0},"end":{"line":99,"column":1}},"100":{"start":{"line":101,"column":0},"end":{"line":101,"column":59}},"101":{"start":{"line":102,"column":0},"end":{"line":102,"column":27}},"102":{"start":{"line":103,"column":0},"end":{"line":103,"column":37}},"103":{"start":{"line":104,"column":0},"end":{"line":104,"column":28}},"104":{"start":{"line":105,"column":0},"end":{"line":105,"column":67}},"105":{"start":{"line":106,"column":0},"end":{"line":106,"column":3}},"107":{"start":{"line":108,"column":0},"end":{"line":108,"column":63}},"108":{"start":{"line":109,"column":0},"end":{"line":109,"column":32}},"109":{"start":{"line":110,"column":0},"end":{"line":110,"column":68}},"110":{"start":{"line":111,"column":0},"end":{"line":111,"column":3}},"112":{"start":{"line":113,"column":0},"end":{"line":113,"column":38}},"113":{"start":{"line":114,"column":0},"end":{"line":114,"column":7}},"114":{"start":{"line":115,"column":0},"end":{"line":115,"column":62}},"115":{"start":{"line":116,"column":0},"end":{"line":116,"column":17}},"116":{"start":{"line":117,"column":0},"end":{"line":117,"column":68}},"117":{"start":{"line":118,"column":0},"end":{"line":118,"column":67}},"118":{"start":{"line":119,"column":0},"end":{"line":119,"column":3}},"120":{"start":{"line":121,"column":0},"end":{"line":121,"column":54}},"121":{"start":{"line":122,"column":0},"end":{"line":122,"column":63}},"123":{"start":{"line":124,"column":0},"end":{"line":124,"column":20}},"124":{"start":{"line":125,"column":0},"end":{"line":125,"column":35}},"125":{"start":{"line":126,"column":0},"end":{"line":126,"column":84}},"126":{"start":{"line":127,"column":0},"end":{"line":127,"column":25}},"127":{"start":{"line":128,"column":0},"end":{"line":128,"column":53}},"128":{"start":{"line":129,"column":0},"end":{"line":129,"column":15}},"129":{"start":{"line":130,"column":0},"end":{"line":130,"column":7}},"131":{"start":{"line":132,"column":0},"end":{"line":132,"column":11}},"132":{"start":{"line":133,"column":0},"end":{"line":133,"column":62}},"133":{"start":{"line":134,"column":0},"end":{"line":134,"column":35}},"134":{"start":{"line":135,"column":0},"end":{"line":135,"column":33}},"135":{"start":{"line":136,"column":0},"end":{"line":136,"column":46}},"136":{"start":{"line":137,"column":0},"end":{"line":137,"column":11}},"137":{"start":{"line":138,"column":0},"end":{"line":138,"column":60}},"138":{"start":{"line":139,"column":0},"end":{"line":139,"column":30}},"139":{"start":{"line":140,"column":0},"end":{"line":140,"column":56}},"140":{"start":{"line":141,"column":0},"end":{"line":141,"column":17}},"141":{"start":{"line":142,"column":0},"end":{"line":142,"column":9}},"142":{"start":{"line":143,"column":0},"end":{"line":143,"column":31}},"143":{"start":{"line":144,"column":0},"end":{"line":144,"column":25}},"144":{"start":{"line":145,"column":0},"end":{"line":145,"column":48}},"145":{"start":{"line":146,"column":0},"end":{"line":146,"column":10}},"146":{"start":{"line":147,"column":0},"end":{"line":147,"column":21}},"147":{"start":{"line":148,"column":0},"end":{"line":148,"column":21}},"148":{"start":{"line":149,"column":0},"end":{"line":149,"column":72}},"149":{"start":{"line":150,"column":0},"end":{"line":150,"column":13}},"150":{"start":{"line":151,"column":0},"end":{"line":151,"column":10}},"151":{"start":{"line":152,"column":0},"end":{"line":152,"column":53}},"152":{"start":{"line":153,"column":0},"end":{"line":153,"column":7}},"153":{"start":{"line":154,"column":0},"end":{"line":154,"column":6}},"154":{"start":{"line":155,"column":0},"end":{"line":155,"column":4}},"156":{"start":{"line":157,"column":0},"end":{"line":157,"column":29}},"157":{"start":{"line":158,"column":0},"end":{"line":158,"column":11}},"158":{"start":{"line":159,"column":0},"end":{"line":159,"column":32}},"159":{"start":{"line":160,"column":0},"end":{"line":160,"column":56}},"160":{"start":{"line":161,"column":0},"end":{"line":161,"column":14}},"161":{"start":{"line":162,"column":0},"end":{"line":162,"column":6}},"162":{"start":{"line":163,"column":0},"end":{"line":163,"column":1}}},"s":{"0":1,"1":1,"18":1,"19":1,"20":1,"21":1,"22":1,"24":1,"25":1,"26":1,"27":1,"28":1,"29":1,"30":1,"31":1,"32":1,"33":1,"34":1,"35":1,"36":1,"37":0,"38":0,"39":1,"41":4,"42":4,"43":4,"44":3,"45":3,"46":4,"47":4,"49":1,"50":1,"51":0,"52":0,"53":1,"54":1,"55":1,"56":1,"57":1,"58":1,"59":0,"60":0,"62":2,"63":2,"64":2,"65":2,"67":2,"68":2,"69":2,"70":2,"71":2,"73":2,"74":2,"75":2,"76":2,"77":2,"79":2,"80":1,"81":1,"82":1,"83":1,"85":1,"86":1,"87":1,"89":2,"90":2,"91":2,"92":2,"93":2,"94":1,"95":1,"97":1,"98":1,"100":4,"101":4,"102":4,"103":4,"104":1,"105":1,"107":3,"108":4,"109":1,"110":1,"112":2,"113":2,"114":2,"115":1,"116":1,"117":1,"118":1,"120":1,"121":1,"123":1,"124":1,"125":1,"126":1,"127":0,"128":0,"129":0,"131":1,"132":1,"133":1,"134":1,"135":1,"136":1,"137":1,"138":1,"139":0,"140":0,"141":0,"142":1,"143":1,"144":1,"145":1,"146":1,"147":0,"148":0,"149":0,"150":0,"151":0,"152":0,"153":1,"154":1,"156":1,"157":1,"158":1,"159":1,"160":0,"161":1,"162":1},"branchMap":{"0":{"type":"branch","line":25,"loc":{"start":{"line":25,"column":0},"end":{"line":40,"column":1}},"locations":[{"start":{"line":25,"column":0},"end":{"line":40,"column":1}}]},"1":{"type":"branch","line":31,"loc":{"start":{"line":31,"column":26},"end":{"line":31,"column":38}},"locations":[{"start":{"line":31,"column":26},"end":{"line":31,"column":38}}]},"2":{"type":"branch","line":33,"loc":{"start":{"line":33,"column":62},"end":{"line":33,"column":74}},"locations":[{"start":{"line":33,"column":62},"end":{"line":33,"column":74}}]},"3":{"type":"branch","line":35,"loc":{"start":{"line":35,"column":38},"end":{"line":35,"column":50}},"locations":[{"start":{"line":35,"column":38},"end":{"line":35,"column":50}}]},"4":{"type":"branch","line":37,"loc":{"start":{"line":37,"column":2},"end":{"line":39,"column":3}},"locations":[{"start":{"line":37,"column":2},"end":{"line":39,"column":3}}]},"5":{"type":"branch","line":42,"loc":{"start":{"line":42,"column":0},"end":{"line":48,"column":1}},"locations":[{"start":{"line":42,"column":0},"end":{"line":48,"column":1}}]},"6":{"type":"branch","line":44,"loc":{"start":{"line":44,"column":8},"end":{"line":45,"column":30}},"locations":[{"start":{"line":44,"column":8},"end":{"line":45,"column":30}}]},"7":{"type":"branch","line":45,"loc":{"start":{"line":45,"column":10},"end":{"line":46,"column":37}},"locations":[{"start":{"line":45,"column":10},"end":{"line":46,"column":37}}]},"8":{"type":"branch","line":50,"loc":{"start":{"line":50,"column":0},"end":{"line":61,"column":1}},"locations":[{"start":{"line":50,"column":0},"end":{"line":61,"column":1}}]},"9":{"type":"branch","line":51,"loc":{"start":{"line":51,"column":30},"end":{"line":53,"column":3}},"locations":[{"start":{"line":51,"column":30},"end":{"line":53,"column":3}}]},"10":{"type":"branch","line":59,"loc":{"start":{"line":59,"column":2},"end":{"line":61,"column":1}},"locations":[{"start":{"line":59,"column":2},"end":{"line":61,"column":1}}]},"11":{"type":"branch","line":63,"loc":{"start":{"line":63,"column":0},"end":{"line":99,"column":1}},"locations":[{"start":{"line":63,"column":0},"end":{"line":99,"column":1}}]},"12":{"type":"branch","line":80,"loc":{"start":{"line":80,"column":20},"end":{"line":90,"column":40}},"locations":[{"start":{"line":80,"column":20},"end":{"line":90,"column":40}}]},"13":{"type":"branch","line":91,"loc":{"start":{"line":91,"column":31},"end":{"line":91,"column":45}},"locations":[{"start":{"line":91,"column":31},"end":{"line":91,"column":45}}]},"14":{"type":"branch","line":92,"loc":{"start":{"line":92,"column":53},"end":{"line":93,"column":43}},"locations":[{"start":{"line":92,"column":53},"end":{"line":93,"column":43}}]},"15":{"type":"branch","line":93,"loc":{"start":{"line":93,"column":33},"end":{"line":93,"column":72}},"locations":[{"start":{"line":93,"column":33},"end":{"line":93,"column":72}}]},"16":{"type":"branch","line":93,"loc":{"start":{"line":93,"column":54},"end":{"line":93,"column":77}},"locations":[{"start":{"line":93,"column":54},"end":{"line":93,"column":77}}]},"17":{"type":"branch","line":94,"loc":{"start":{"line":94,"column":20},"end":{"line":94,"column":29}},"locations":[{"start":{"line":94,"column":20},"end":{"line":94,"column":29}}]},"18":{"type":"branch","line":94,"loc":{"start":{"line":94,"column":20},"end":{"line":99,"column":1}},"locations":[{"start":{"line":94,"column":20},"end":{"line":99,"column":1}}]},"19":{"type":"branch","line":101,"loc":{"start":{"line":101,"column":0},"end":{"line":163,"column":1}},"locations":[{"start":{"line":101,"column":0},"end":{"line":163,"column":1}}]},"20":{"type":"branch","line":104,"loc":{"start":{"line":104,"column":27},"end":{"line":106,"column":3}},"locations":[{"start":{"line":104,"column":27},"end":{"line":106,"column":3}}]},"21":{"type":"branch","line":106,"loc":{"start":{"line":106,"column":2},"end":{"line":109,"column":31}},"locations":[{"start":{"line":106,"column":2},"end":{"line":109,"column":31}}]},"22":{"type":"branch","line":109,"loc":{"start":{"line":109,"column":31},"end":{"line":111,"column":3}},"locations":[{"start":{"line":109,"column":31},"end":{"line":111,"column":3}}]},"23":{"type":"branch","line":111,"loc":{"start":{"line":111,"column":2},"end":{"line":115,"column":62}},"locations":[{"start":{"line":111,"column":2},"end":{"line":115,"column":62}}]},"24":{"type":"branch","line":115,"loc":{"start":{"line":115,"column":60},"end":{"line":163,"column":1}},"locations":[{"start":{"line":115,"column":60},"end":{"line":163,"column":1}}]},"25":{"type":"branch","line":105,"loc":{"start":{"line":105,"column":20},"end":{"line":105,"column":65}},"locations":[{"start":{"line":105,"column":20},"end":{"line":105,"column":65}}]},"26":{"type":"branch","line":108,"loc":{"start":{"line":108,"column":33},"end":{"line":108,"column":61}},"locations":[{"start":{"line":108,"column":33},"end":{"line":108,"column":61}}]},"27":{"type":"branch","line":110,"loc":{"start":{"line":110,"column":20},"end":{"line":110,"column":66}},"locations":[{"start":{"line":110,"column":20},"end":{"line":110,"column":66}}]},"28":{"type":"branch","line":118,"loc":{"start":{"line":118,"column":20},"end":{"line":118,"column":65}},"locations":[{"start":{"line":118,"column":20},"end":{"line":118,"column":65}}]},"29":{"type":"branch","line":125,"loc":{"start":{"line":125,"column":19},"end":{"line":154,"column":5}},"locations":[{"start":{"line":125,"column":19},"end":{"line":154,"column":5}}]},"30":{"type":"branch","line":126,"loc":{"start":{"line":126,"column":75},"end":{"line":126,"column":84}},"locations":[{"start":{"line":126,"column":75},"end":{"line":126,"column":84}}]},"31":{"type":"branch","line":127,"loc":{"start":{"line":127,"column":24},"end":{"line":130,"column":7}},"locations":[{"start":{"line":127,"column":24},"end":{"line":130,"column":7}}]},"32":{"type":"branch","line":139,"loc":{"start":{"line":139,"column":29},"end":{"line":142,"column":9}},"locations":[{"start":{"line":139,"column":29},"end":{"line":142,"column":9}}]},"33":{"type":"branch","line":147,"loc":{"start":{"line":147,"column":6},"end":{"line":153,"column":7}},"locations":[{"start":{"line":147,"column":6},"end":{"line":153,"column":7}}]},"34":{"type":"branch","line":157,"loc":{"start":{"line":157,"column":18},"end":{"line":162,"column":4}},"locations":[{"start":{"line":157,"column":18},"end":{"line":162,"column":4}}]},"35":{"type":"branch","line":160,"loc":{"start":{"line":160,"column":46},"end":{"line":160,"column":56}},"locations":[{"start":{"line":160,"column":46},"end":{"line":160,"column":56}}]},"36":{"type":"branch","line":160,"loc":{"start":{"line":160,"column":51},"end":{"line":161,"column":14}},"locations":[{"start":{"line":160,"column":51},"end":{"line":161,"column":14}}]}},"b":{"0":[1],"1":[0],"2":[0],"3":[0],"4":[0],"5":[4],"6":[3],"7":[3],"8":[1],"9":[0],"10":[0],"11":[2],"12":[1],"13":[0],"14":[1],"15":[0],"16":[0],"17":[0],"18":[1],"19":[4],"20":[1],"21":[3],"22":[1],"23":[2],"24":[1],"25":[1],"26":[3],"27":[1],"28":[1],"29":[1],"30":[0],"31":[0],"32":[0],"33":[0],"34":[1],"35":[0],"36":[0]},"fnMap":{"0":{"name":"parseGithubPullRequestUrl","decl":{"start":{"line":25,"column":0},"end":{"line":40,"column":1}},"loc":{"start":{"line":25,"column":0},"end":{"line":40,"column":1}},"line":25},"1":{"name":"hasCoolifyConfig","decl":{"start":{"line":42,"column":0},"end":{"line":48,"column":1}},"loc":{"start":{"line":42,"column":0},"end":{"line":48,"column":1}},"line":42},"2":{"name":"normalizeDeploymentRecords","decl":{"start":{"line":50,"column":0},"end":{"line":61,"column":1}},"loc":{"start":{"line":50,"column":0},"end":{"line":61,"column":1}},"line":50},"3":{"name":"getCoolifyDeployedCommitShas","decl":{"start":{"line":63,"column":0},"end":{"line":99,"column":1}},"loc":{"start":{"line":63,"column":0},"end":{"line":99,"column":1}},"line":63},"4":{"name":"annotateRunsWithProdDeploymentStatus","decl":{"start":{"line":101,"column":0},"end":{"line":163,"column":1}},"loc":{"start":{"line":101,"column":0},"end":{"line":163,"column":1}},"line":101}},"f":{"0":1,"1":4,"2":1,"3":2,"4":4}}
,"/Users/kasperwelner/.warp/worktrees/hyper-dispatch/agent/HYDI-84-transition-prs-open/src/db/config-queries.ts": {"path":"/Users/kasperwelner/.warp/worktrees/hyper-dispatch/agent/HYDI-84-transition-prs-open/src/db/config-queries.ts","all":false,"statementMap":{"0":{"start":{"line":1,"column":0},"end":{"line":1,"column":38}},"56":{"start":{"line":57,"column":0},"end":{"line":57,"column":70}},"57":{"start":{"line":58,"column":0},"end":{"line":58,"column":30}},"60":{"start":{"line":61,"column":0},"end":{"line":61,"column":1}},"62":{"start":{"line":63,"column":0},"end":{"line":63,"column":39}},"63":{"start":{"line":64,"column":0},"end":{"line":64,"column":20}},"64":{"start":{"line":65,"column":0},"end":{"line":65,"column":34}},"65":{"start":{"line":66,"column":0},"end":{"line":66,"column":42}},"66":{"start":{"line":67,"column":0},"end":{"line":67,"column":67}},"68":{"start":{"line":69,"column":0},"end":{"line":69,"column":25}},"69":{"start":{"line":70,"column":0},"end":{"line":70,"column":1}},"71":{"start":{"line":72,"column":0},"end":{"line":72,"column":42}},"72":{"start":{"line":73,"column":0},"end":{"line":73,"column":28}},"73":{"start":{"line":74,"column":0},"end":{"line":74,"column":27}},"74":{"start":{"line":75,"column":0},"end":{"line":75,"column":42}},"96":{"start":{"line":97,"column":0},"end":{"line":97,"column":28}},"97":{"start":{"line":98,"column":0},"end":{"line":98,"column":30}},"98":{"start":{"line":99,"column":0},"end":{"line":99,"column":25}},"99":{"start":{"line":100,"column":0},"end":{"line":100,"column":26}},"100":{"start":{"line":101,"column":0},"end":{"line":101,"column":35}},"101":{"start":{"line":102,"column":0},"end":{"line":102,"column":46}},"102":{"start":{"line":103,"column":0},"end":{"line":103,"column":28}},"103":{"start":{"line":104,"column":0},"end":{"line":104,"column":38}},"104":{"start":{"line":105,"column":0},"end":{"line":105,"column":39}},"105":{"start":{"line":106,"column":0},"end":{"line":106,"column":49}},"106":{"start":{"line":107,"column":0},"end":{"line":107,"column":45}},"107":{"start":{"line":108,"column":0},"end":{"line":108,"column":57}},"108":{"start":{"line":109,"column":0},"end":{"line":109,"column":53}},"109":{"start":{"line":110,"column":0},"end":{"line":110,"column":43}},"110":{"start":{"line":111,"column":0},"end":{"line":111,"column":40}},"111":{"start":{"line":112,"column":0},"end":{"line":112,"column":79}},"112":{"start":{"line":113,"column":0},"end":{"line":113,"column":35}},"113":{"start":{"line":114,"column":0},"end":{"line":114,"column":39}},"114":{"start":{"line":115,"column":0},"end":{"line":115,"column":30}},"118":{"start":{"line":119,"column":0},"end":{"line":119,"column":18}},"119":{"start":{"line":120,"column":0},"end":{"line":120,"column":1}},"121":{"start":{"line":122,"column":0},"end":{"line":122,"column":42}},"122":{"start":{"line":123,"column":0},"end":{"line":123,"column":21}},"123":{"start":{"line":124,"column":0},"end":{"line":124,"column":38}},"124":{"start":{"line":125,"column":0},"end":{"line":125,"column":34}},"125":{"start":{"line":126,"column":0},"end":{"line":126,"column":53}},"126":{"start":{"line":127,"column":0},"end":{"line":127,"column":28}},"128":{"start":{"line":129,"column":0},"end":{"line":129,"column":44}},"130":{"start":{"line":131,"column":0},"end":{"line":131,"column":42}},"132":{"start":{"line":133,"column":0},"end":{"line":133,"column":47}},"133":{"start":{"line":134,"column":0},"end":{"line":134,"column":42}},"134":{"start":{"line":135,"column":0},"end":{"line":135,"column":43}},"135":{"start":{"line":136,"column":0},"end":{"line":136,"column":52}},"136":{"start":{"line":137,"column":0},"end":{"line":137,"column":70}},"137":{"start":{"line":138,"column":0},"end":{"line":138,"column":45}},"138":{"start":{"line":139,"column":0},"end":{"line":139,"column":55}},"139":{"start":{"line":140,"column":0},"end":{"line":140,"column":56}},"140":{"start":{"line":141,"column":0},"end":{"line":141,"column":71}},"141":{"start":{"line":142,"column":0},"end":{"line":142,"column":65}},"142":{"start":{"line":143,"column":0},"end":{"line":143,"column":83}},"143":{"start":{"line":144,"column":0},"end":{"line":144,"column":77}},"144":{"start":{"line":145,"column":0},"end":{"line":145,"column":62}},"145":{"start":{"line":146,"column":0},"end":{"line":146,"column":57}},"146":{"start":{"line":147,"column":0},"end":{"line":147,"column":96}},"147":{"start":{"line":148,"column":0},"end":{"line":148,"column":52}},"148":{"start":{"line":149,"column":0},"end":{"line":149,"column":56}},"149":{"start":{"line":150,"column":0},"end":{"line":150,"column":40}},"151":{"start":{"line":152,"column":0},"end":{"line":152,"column":37}},"154":{"start":{"line":155,"column":0},"end":{"line":155,"column":25}},"155":{"start":{"line":156,"column":0},"end":{"line":156,"column":1}},"157":{"start":{"line":158,"column":0},"end":{"line":158,"column":42}},"158":{"start":{"line":159,"column":0},"end":{"line":159,"column":20}},"159":{"start":{"line":160,"column":0},"end":{"line":160,"column":18}},"163":{"start":{"line":164,"column":0},"end":{"line":164,"column":33}},"164":{"start":{"line":165,"column":0},"end":{"line":165,"column":13}},"166":{"start":{"line":167,"column":0},"end":{"line":167,"column":39}},"168":{"start":{"line":169,"column":0},"end":{"line":169,"column":13}},"170":{"start":{"line":171,"column":0},"end":{"line":171,"column":39}},"172":{"start":{"line":173,"column":0},"end":{"line":173,"column":5}},"173":{"start":{"line":174,"column":0},"end":{"line":174,"column":1}},"175":{"start":{"line":176,"column":0},"end":{"line":176,"column":68}},"176":{"start":{"line":177,"column":0},"end":{"line":177,"column":28}},"179":{"start":{"line":180,"column":0},"end":{"line":180,"column":1}},"181":{"start":{"line":182,"column":0},"end":{"line":182,"column":73}},"182":{"start":{"line":183,"column":0},"end":{"line":183,"column":31}},"185":{"start":{"line":186,"column":0},"end":{"line":186,"column":1}},"191":{"start":{"line":192,"column":0},"end":{"line":192,"column":46}},"207":{"start":{"line":208,"column":0},"end":{"line":208,"column":42}},"208":{"start":{"line":209,"column":0},"end":{"line":209,"column":28}},"209":{"start":{"line":210,"column":0},"end":{"line":210,"column":16}},"210":{"start":{"line":211,"column":0},"end":{"line":211,"column":16}},"211":{"start":{"line":212,"column":0},"end":{"line":212,"column":27}},"212":{"start":{"line":213,"column":0},"end":{"line":213,"column":47}},"213":{"start":{"line":214,"column":0},"end":{"line":214,"column":41}},"214":{"start":{"line":215,"column":0},"end":{"line":215,"column":44}},"215":{"start":{"line":216,"column":0},"end":{"line":216,"column":28}},"217":{"start":{"line":218,"column":0},"end":{"line":218,"column":70}},"218":{"start":{"line":219,"column":0},"end":{"line":219,"column":73}},"219":{"start":{"line":220,"column":0},"end":{"line":220,"column":74}},"221":{"start":{"line":222,"column":0},"end":{"line":222,"column":35}},"223":{"start":{"line":224,"column":0},"end":{"line":224,"column":1}},"226":{"start":{"line":227,"column":0},"end":{"line":227,"column":40}},"227":{"start":{"line":228,"column":0},"end":{"line":228,"column":27}},"228":{"start":{"line":229,"column":0},"end":{"line":229,"column":20}},"229":{"start":{"line":230,"column":0},"end":{"line":230,"column":47}},"230":{"start":{"line":231,"column":0},"end":{"line":231,"column":41}},"231":{"start":{"line":232,"column":0},"end":{"line":232,"column":44}},"232":{"start":{"line":233,"column":0},"end":{"line":233,"column":51}},"234":{"start":{"line":235,"column":0},"end":{"line":235,"column":70}},"235":{"start":{"line":236,"column":0},"end":{"line":236,"column":73}},"236":{"start":{"line":237,"column":0},"end":{"line":237,"column":74}},"238":{"start":{"line":239,"column":0},"end":{"line":239,"column":45}},"239":{"start":{"line":240,"column":0},"end":{"line":240,"column":1}},"245":{"start":{"line":246,"column":0},"end":{"line":246,"column":38}},"246":{"start":{"line":247,"column":0},"end":{"line":247,"column":60}},"247":{"start":{"line":248,"column":0},"end":{"line":248,"column":30}},"248":{"start":{"line":249,"column":0},"end":{"line":249,"column":47}},"249":{"start":{"line":250,"column":0},"end":{"line":250,"column":44}},"250":{"start":{"line":251,"column":0},"end":{"line":251,"column":31}},"252":{"start":{"line":253,"column":0},"end":{"line":253,"column":70}},"253":{"start":{"line":254,"column":0},"end":{"line":254,"column":74}},"256":{"start":{"line":257,"column":0},"end":{"line":257,"column":1}},"259":{"start":{"line":260,"column":0},"end":{"line":260,"column":70}},"260":{"start":{"line":261,"column":0},"end":{"line":261,"column":57}},"263":{"start":{"line":264,"column":0},"end":{"line":264,"column":44}},"264":{"start":{"line":265,"column":0},"end":{"line":265,"column":1}}},"s":{"0":1,"56":0,"57":0,"60":0,"62":0,"63":0,"64":0,"65":0,"66":0,"68":0,"69":0,"71":0,"72":0,"73":0,"74":0,"96":0,"97":0,"98":0,"99":0,"100":0,"101":0,"102":0,"103":0,"104":0,"105":0,"106":0,"107":0,"108":0,"109":0,"110":0,"111":0,"112":0,"113":0,"114":0,"118":0,"119":0,"121":0,"122":0,"123":0,"124":0,"125":0,"126":0,"128":0,"130":0,"132":0,"133":0,"134":0,"135":0,"136":0,"137":0,"138":0,"139":0,"140":0,"141":0,"142":0,"143":0,"144":0,"145":0,"146":0,"147":0,"148":0,"149":0,"151":0,"154":0,"155":0,"157":2,"158":2,"159":2,"163":2,"164":2,"166":2,"168":2,"170":2,"172":2,"173":1,"175":0,"176":0,"179":0,"181":0,"182":0,"185":0,"191":1,"207":0,"208":0,"209":0,"210":0,"211":0,"212":0,"213":0,"214":0,"215":0,"217":0,"218":0,"219":0,"221":0,"223":0,"226":0,"227":0,"228":0,"229":0,"230":0,"231":0,"232":0,"234":0,"235":0,"236":0,"238":0,"239":0,"245":0,"246":0,"247":0,"248":0,"249":0,"250":0,"252":0,"253":0,"256":0,"259":0,"260":0,"263":0,"264":0},"branchMap":{"0":{"type":"branch","line":158,"loc":{"start":{"line":158,"column":0},"end":{"line":174,"column":1}},"locations":[{"start":{"line":158,"column":0},"end":{"line":174,"column":1}}]},"1":{"type":"branch","line":173,"loc":{"start":{"line":173,"column":3},"end":{"line":174,"column":1}},"locations":[{"start":{"line":173,"column":3},"end":{"line":174,"column":1}}]},"2":{"type":"branch","line":164,"loc":{"start":{"line":164,"column":18},"end":{"line":173,"column":3}},"locations":[{"start":{"line":164,"column":18},"end":{"line":173,"column":3}}]},"3":{"type":"branch","line":171,"loc":{"start":{"line":171,"column":38},"end":{"line":171,"column":39}},"locations":[{"start":{"line":171,"column":38},"end":{"line":171,"column":39}}]}},"b":{"0":[2],"1":[1],"2":[2],"3":[1]},"fnMap":{"0":{"name":"listProjectConfigs","decl":{"start":{"line":57,"column":0},"end":{"line":61,"column":1}},"loc":{"start":{"line":57,"column":0},"end":{"line":61,"column":1}},"line":57},"1":{"name":"getProjectConfig","decl":{"start":{"line":63,"column":0},"end":{"line":70,"column":1}},"loc":{"start":{"line":63,"column":0},"end":{"line":70,"column":1}},"line":63},"2":{"name":"createProjectConfig","decl":{"start":{"line":72,"column":0},"end":{"line":120,"column":1}},"loc":{"start":{"line":72,"column":0},"end":{"line":120,"column":1}},"line":72},"3":{"name":"updateProjectConfig","decl":{"start":{"line":122,"column":0},"end":{"line":156,"column":1}},"loc":{"start":{"line":122,"column":0},"end":{"line":156,"column":1}},"line":122},"4":{"name":"deleteProjectConfig","decl":{"start":{"line":158,"column":0},"end":{"line":174,"column":1}},"loc":{"start":{"line":158,"column":0},"end":{"line":174,"column":1}},"line":158},"5":{"name":"getAllDispatchRuns","decl":{"start":{"line":176,"column":0},"end":{"line":180,"column":1}},"loc":{"start":{"line":176,"column":0},"end":{"line":180,"column":1}},"line":176},"6":{"name":"getRunCountsByStatus","decl":{"start":{"line":182,"column":0},"end":{"line":186,"column":1}},"loc":{"start":{"line":182,"column":0},"end":{"line":186,"column":1}},"line":182},"7":{"name":"getDispatchRunsPage","decl":{"start":{"line":208,"column":0},"end":{"line":224,"column":1}},"loc":{"start":{"line":208,"column":0},"end":{"line":224,"column":1}},"line":208},"8":{"name":"countDispatchRuns","decl":{"start":{"line":227,"column":0},"end":{"line":240,"column":1}},"loc":{"start":{"line":227,"column":0},"end":{"line":240,"column":1}},"line":227},"9":{"name":"getStatusCounts","decl":{"start":{"line":246,"column":0},"end":{"line":257,"column":1}},"loc":{"start":{"line":246,"column":0},"end":{"line":257,"column":1}},"line":246},"10":{"name":"getDistinctRunProjectKeys","decl":{"start":{"line":260,"column":0},"end":{"line":265,"column":1}},"loc":{"start":{"line":260,"column":0},"end":{"line":265,"column":1}},"line":260}},"f":{"0":0,"1":0,"2":0,"3":0,"4":2,"5":0,"6":0,"7":0,"8":0,"9":0,"10":0}}
,"/Users/kasperwelner/.warp/worktrees/hyper-dispatch/agent/HYDI-84-transition-prs-open/src/db/connection.ts": {"path":"/Users/kasperwelner/.warp/worktrees/hyper-dispatch/agent/HYDI-84-transition-prs-open/src/db/connection.ts","all":false,"statementMap":{"0":{"start":{"line":1,"column":0},"end":{"line":1,"column":32}},"1":{"start":{"line":2,"column":0},"end":{"line":2,"column":39}},"3":{"start":{"line":4,"column":0},"end":{"line":4,"column":15}},"4":{"start":{"line":5,"column":0},"end":{"line":5,"column":43}},"5":{"start":{"line":6,"column":0},"end":{"line":6,"column":41}},"7":{"start":{"line":8,"column":0},"end":{"line":8,"column":47}},"8":{"start":{"line":9,"column":0},"end":{"line":9,"column":35}},"9":{"start":{"line":10,"column":0},"end":{"line":10,"column":3}}},"s":{"0":1,"1":1,"3":1,"4":1,"5":1,"7":1,"8":1,"9":1},"branchMap":{"0":{"type":"branch","line":9,"loc":{"start":{"line":9,"column":17},"end":{"line":9,"column":35}},"locations":[{"start":{"line":9,"column":17},"end":{"line":9,"column":35}}]}},"b":{"0":[0]},"fnMap":{},"f":{}}
,"/Users/kasperwelner/.warp/worktrees/hyper-dispatch/agent/HYDI-84-transition-prs-open/src/db/migrate.ts": {"path":"/Users/kasperwelner/.warp/worktrees/hyper-dispatch/agent/HYDI-84-transition-prs-open/src/db/migrate.ts","all":true,"statementMap":{"0":{"start":{"line":1,"column":0},"end":{"line":1,"column":44}},"1":{"start":{"line":2,"column":0},"end":{"line":2,"column":41}},"2":{"start":{"line":3,"column":0},"end":{"line":3,"column":42}},"3":{"start":{"line":4,"column":0},"end":{"line":4,"column":38}},"5":{"start":{"line":6,"column":0},"end":{"line":6,"column":58}},"7":{"start":{"line":8,"column":0},"end":{"line":8,"column":54}},"8":{"start":{"line":9,"column":0},"end":{"line":9,"column":51}},"9":{"start":{"line":10,"column":0},"end":{"line":10,"column":53}},"10":{"start":{"line":11,"column":0},"end":{"line":11,"column":27}},"13":{"start":{"line":14,"column":0},"end":{"line":14,"column":20}},"25":{"start":{"line":26,"column":0},"end":{"line":26,"column":5}},"26":{"start":{"line":27,"column":0},"end":{"line":27,"column":20}},"34":{"start":{"line":35,"column":0},"end":{"line":35,"column":5}},"36":{"start":{"line":37,"column":0},"end":{"line":37,"column":58}},"37":{"start":{"line":38,"column":0},"end":{"line":38,"column":1}}},"s":{"0":0,"1":0,"2":0,"3":0,"5":0,"7":0,"8":0,"9":0,"10":0,"13":0,"25":0,"26":0,"34":0,"36":0,"37":0},"branchMap":{"0":{"type":"branch","line":1,"loc":{"start":{"line":1,"column":1744},"end":{"line":38,"column":1}},"locations":[{"start":{"line":1,"column":1744},"end":{"line":38,"column":1}}]}},"b":{"0":[0]},"fnMap":{"0":{"name":"(empty-report)","decl":{"start":{"line":1,"column":1744},"end":{"line":38,"column":1}},"loc":{"start":{"line":1,"column":1744},"end":{"line":38,"column":1}},"line":1}},"f":{"0":0}}
,"/Users/kasperwelner/.warp/worktrees/hyper-dispatch/agent/HYDI-84-transition-prs-open/src/db/queries.ts": {"path":"/Users/kasperwelner/.warp/worktrees/hyper-dispatch/agent/HYDI-84-transition-prs-open/src/db/queries.ts","all":false,"statementMap":{"0":{"start":{"line":1,"column":0},"end":{"line":1,"column":38}},"45":{"start":{"line":46,"column":0},"end":{"line":46,"column":39}},"46":{"start":{"line":47,"column":0},"end":{"line":47,"column":20}},"47":{"start":{"line":48,"column":0},"end":{"line":48,"column":34}},"48":{"start":{"line":49,"column":0},"end":{"line":49,"column":42}},"51":{"start":{"line":52,"column":0},"end":{"line":52,"column":37}},"55":{"start":{"line":56,"column":0},"end":{"line":56,"column":25}},"56":{"start":{"line":57,"column":0},"end":{"line":57,"column":1}},"61":{"start":{"line":62,"column":0},"end":{"line":62,"column":76}},"62":{"start":{"line":63,"column":0},"end":{"line":63,"column":30}},"68":{"start":{"line":69,"column":0},"end":{"line":69,"column":1}},"73":{"start":{"line":74,"column":0},"end":{"line":74,"column":77}},"74":{"start":{"line":75,"column":0},"end":{"line":75,"column":28}},"77":{"start":{"line":78,"column":0},"end":{"line":78,"column":27}},"80":{"start":{"line":81,"column":0},"end":{"line":81,"column":1}},"88":{"start":{"line":89,"column":0},"end":{"line":89,"column":69}},"89":{"start":{"line":90,"column":0},"end":{"line":90,"column":28}},"96":{"start":{"line":97,"column":0},"end":{"line":97,"column":1}},"103":{"start":{"line":104,"column":0},"end":{"line":104,"column":40}},"104":{"start":{"line":105,"column":0},"end":{"line":105,"column":29}},"105":{"start":{"line":106,"column":0},"end":{"line":106,"column":25}},"106":{"start":{"line":107,"column":0},"end":{"line":107,"column":40}},"116":{"start":{"line":117,"column":0},"end":{"line":117,"column":23}},"117":{"start":{"line":118,"column":0},"end":{"line":118,"column":24}},"118":{"start":{"line":119,"column":0},"end":{"line":119,"column":29}},"119":{"start":{"line":120,"column":0},"end":{"line":120,"column":20}},"120":{"start":{"line":121,"column":0},"end":{"line":121,"column":31}},"121":{"start":{"line":122,"column":0},"end":{"line":122,"column":27}},"138":{"start":{"line":139,"column":0},"end":{"line":139,"column":18}},"139":{"start":{"line":140,"column":0},"end":{"line":140,"column":1}},"145":{"start":{"line":146,"column":0},"end":{"line":146,"column":77}},"146":{"start":{"line":147,"column":0},"end":{"line":147,"column":56}},"152":{"start":{"line":153,"column":0},"end":{"line":153,"column":35}},"156":{"start":{"line":157,"column":0},"end":{"line":157,"column":25}},"157":{"start":{"line":158,"column":0},"end":{"line":158,"column":1}},"162":{"start":{"line":163,"column":0},"end":{"line":163,"column":75}},"163":{"start":{"line":164,"column":0},"end":{"line":164,"column":12}},"169":{"start":{"line":170,"column":0},"end":{"line":170,"column":35}},"173":{"start":{"line":174,"column":0},"end":{"line":174,"column":1}},"178":{"start":{"line":179,"column":0},"end":{"line":179,"column":79}},"179":{"start":{"line":180,"column":0},"end":{"line":180,"column":28}},"182":{"start":{"line":183,"column":0},"end":{"line":183,"column":28}},"185":{"start":{"line":186,"column":0},"end":{"line":186,"column":1}},"190":{"start":{"line":191,"column":0},"end":{"line":191,"column":83}},"191":{"start":{"line":192,"column":0},"end":{"line":192,"column":28}},"194":{"start":{"line":195,"column":0},"end":{"line":195,"column":40}},"196":{"start":{"line":197,"column":0},"end":{"line":197,"column":1}},"202":{"start":{"line":203,"column":0},"end":{"line":203,"column":38}},"203":{"start":{"line":204,"column":0},"end":{"line":204,"column":20}},"204":{"start":{"line":205,"column":0},"end":{"line":205,"column":241}},"205":{"start":{"line":206,"column":0},"end":{"line":206,"column":32}},"206":{"start":{"line":207,"column":0},"end":{"line":207,"column":40}},"209":{"start":{"line":210,"column":0},"end":{"line":210,"column":92}},"210":{"start":{"line":211,"column":0},"end":{"line":211,"column":92}},"211":{"start":{"line":212,"column":0},"end":{"line":212,"column":91}},"212":{"start":{"line":213,"column":0},"end":{"line":213,"column":96}},"213":{"start":{"line":214,"column":0},"end":{"line":214,"column":98}},"214":{"start":{"line":215,"column":0},"end":{"line":215,"column":92}},"215":{"start":{"line":216,"column":0},"end":{"line":216,"column":118}},"216":{"start":{"line":217,"column":0},"end":{"line":217,"column":118}},"217":{"start":{"line":218,"column":0},"end":{"line":218,"column":122}},"218":{"start":{"line":219,"column":0},"end":{"line":219,"column":130}},"219":{"start":{"line":220,"column":0},"end":{"line":220,"column":98}},"220":{"start":{"line":221,"column":0},"end":{"line":221,"column":91}},"221":{"start":{"line":222,"column":0},"end":{"line":222,"column":96}},"223":{"start":{"line":224,"column":0},"end":{"line":224,"column":35}},"226":{"start":{"line":227,"column":0},"end":{"line":227,"column":25}},"227":{"start":{"line":228,"column":0},"end":{"line":228,"column":1}},"234":{"start":{"line":235,"column":0},"end":{"line":235,"column":36}},"235":{"start":{"line":236,"column":0},"end":{"line":236,"column":20}},"236":{"start":{"line":237,"column":0},"end":{"line":237,"column":20}},"237":{"start":{"line":238,"column":0},"end":{"line":238,"column":32}},"238":{"start":{"line":239,"column":0},"end":{"line":239,"column":40}},"241":{"start":{"line":242,"column":0},"end":{"line":242,"column":59}},"244":{"start":{"line":245,"column":0},"end":{"line":245,"column":90}},"249":{"start":{"line":250,"column":0},"end":{"line":250,"column":35}},"252":{"start":{"line":253,"column":0},"end":{"line":253,"column":25}},"253":{"start":{"line":254,"column":0},"end":{"line":254,"column":1}},"267":{"start":{"line":268,"column":0},"end":{"line":268,"column":40}},"268":{"start":{"line":269,"column":0},"end":{"line":269,"column":31}},"269":{"start":{"line":270,"column":0},"end":{"line":270,"column":18}},"270":{"start":{"line":271,"column":0},"end":{"line":271,"column":35}},"271":{"start":{"line":272,"column":0},"end":{"line":272,"column":53}},"272":{"start":{"line":273,"column":0},"end":{"line":273,"column":55}},"273":{"start":{"line":274,"column":0},"end":{"line":274,"column":64}},"274":{"start":{"line":275,"column":0},"end":{"line":275,"column":12}},"281":{"start":{"line":282,"column":0},"end":{"line":282,"column":28}},"282":{"start":{"line":283,"column":0},"end":{"line":283,"column":29}},"283":{"start":{"line":284,"column":0},"end":{"line":284,"column":33}},"291":{"start":{"line":292,"column":0},"end":{"line":292,"column":1}},"296":{"start":{"line":297,"column":0},"end":{"line":297,"column":60}},"297":{"start":{"line":298,"column":0},"end":{"line":298,"column":51}},"302":{"start":{"line":303,"column":0},"end":{"line":303,"column":45}},"303":{"start":{"line":304,"column":0},"end":{"line":304,"column":1}},"308":{"start":{"line":309,"column":0},"end":{"line":309,"column":60}},"309":{"start":{"line":310,"column":0},"end":{"line":310,"column":28}},"314":{"start":{"line":315,"column":0},"end":{"line":315,"column":1}},"319":{"start":{"line":320,"column":0},"end":{"line":320,"column":84}},"320":{"start":{"line":321,"column":0},"end":{"line":321,"column":28}},"323":{"start":{"line":324,"column":0},"end":{"line":324,"column":37}},"326":{"start":{"line":327,"column":0},"end":{"line":327,"column":1}},"331":{"start":{"line":332,"column":0},"end":{"line":332,"column":67}},"332":{"start":{"line":333,"column":0},"end":{"line":333,"column":12}},"334":{"start":{"line":335,"column":0},"end":{"line":335,"column":35}},"336":{"start":{"line":337,"column":0},"end":{"line":337,"column":1}}},"s":{"0":1,"45":0,"46":0,"47":0,"48":0,"51":0,"55":0,"56":0,"61":0,"62":0,"68":0,"73":0,"74":0,"77":0,"80":0,"88":0,"89":0,"96":0,"103":0,"104":0,"105":0,"106":0,"116":0,"117":0,"118":0,"119":0,"120":0,"121":0,"138":0,"139":0,"145":0,"146":0,"152":0,"156":0,"157":0,"162":0,"163":0,"169":0,"173":0,"178":0,"179":0,"182":0,"185":0,"190":0,"191":0,"194":0,"196":0,"202":0,"203":0,"204":0,"205":0,"206":0,"209":0,"210":0,"211":0,"212":0,"213":0,"214":0,"215":0,"216":0,"217":0,"218":0,"219":0,"220":0,"221":0,"223":0,"226":0,"227":0,"234":0,"235":0,"236":0,"237":0,"238":0,"241":0,"244":0,"249":0,"252":0,"253":0,"267":0,"268":0,"269":0,"270":0,"271":0,"272":0,"273":0,"274":0,"281":0,"282":0,"283":0,"291":0,"296":0,"297":0,"302":0,"303":0,"308":0,"309":0,"314":0,"319":0,"320":0,"323":0,"326":0,"331":0,"332":0,"334":0,"336":0},"branchMap":{},"b":{},"fnMap":{"0":{"name":"getProjectConfig","decl":{"start":{"line":46,"column":0},"end":{"line":57,"column":1}},"loc":{"start":{"line":46,"column":0},"end":{"line":57,"column":1}},"line":46},"1":{"name":"listActiveProjectConfigs","decl":{"start":{"line":62,"column":0},"end":{"line":69,"column":1}},"loc":{"start":{"line":62,"column":0},"end":{"line":69,"column":1}},"line":62},"2":{"name":"getRunsByPrUrl","decl":{"start":{"line":74,"column":0},"end":{"line":81,"column":1}},"loc":{"start":{"line":74,"column":0},"end":{"line":81,"column":1}},"line":74},"3":{"name":"getRunsWithActivePr","decl":{"start":{"line":89,"column":0},"end":{"line":97,"column":1}},"loc":{"start":{"line":89,"column":0},"end":{"line":97,"column":1}},"line":89},"4":{"name":"upsertDispatchRun","decl":{"start":{"line":104,"column":0},"end":{"line":140,"column":1}},"loc":{"start":{"line":104,"column":0},"end":{"line":140,"column":1}},"line":104},"5":{"name":"claimRunForSpawn","decl":{"start":{"line":146,"column":0},"end":{"line":158,"column":1}},"loc":{"start":{"line":146,"column":0},"end":{"line":158,"column":1}},"line":146},"6":{"name":"releaseSpawnClaim","decl":{"start":{"line":163,"column":0},"end":{"line":174,"column":1}},"loc":{"start":{"line":163,"column":0},"end":{"line":174,"column":1}},"line":163},"7":{"name":"getRunsByStatus","decl":{"start":{"line":179,"column":0},"end":{"line":186,"column":1}},"loc":{"start":{"line":179,"column":0},"end":{"line":186,"column":1}},"line":179},"8":{"name":"getRunsBlockedBy","decl":{"start":{"line":191,"column":0},"end":{"line":197,"column":1}},"loc":{"start":{"line":191,"column":0},"end":{"line":197,"column":1}},"line":191},"9":{"name":"updateRunStatus","decl":{"start":{"line":203,"column":0},"end":{"line":228,"column":1}},"loc":{"start":{"line":203,"column":0},"end":{"line":228,"column":1}},"line":203},"10":{"name":"removeBlocker","decl":{"start":{"line":235,"column":0},"end":{"line":254,"column":1}},"loc":{"start":{"line":235,"column":0},"end":{"line":254,"column":1}},"line":235},"11":{"name":"setTicketStatuses","decl":{"start":{"line":268,"column":0},"end":{"line":292,"column":1}},"loc":{"start":{"line":268,"column":0},"end":{"line":292,"column":1}},"line":268},"12":{"name":"getActiveRunCount","decl":{"start":{"line":297,"column":0},"end":{"line":304,"column":1}},"loc":{"start":{"line":297,"column":0},"end":{"line":304,"column":1}},"line":297},"13":{"name":"getAllRuns","decl":{"start":{"line":309,"column":0},"end":{"line":315,"column":1}},"loc":{"start":{"line":309,"column":0},"end":{"line":315,"column":1}},"line":309},"14":{"name":"getRunsByProject","decl":{"start":{"line":320,"column":0},"end":{"line":327,"column":1}},"loc":{"start":{"line":320,"column":0},"end":{"line":327,"column":1}},"line":320},"15":{"name":"deleteRun","decl":{"start":{"line":332,"column":0},"end":{"line":337,"column":1}},"loc":{"start":{"line":332,"column":0},"end":{"line":337,"column":1}},"line":332}},"f":{"0":0,"1":0,"2":0,"3":0,"4":0,"5":0,"6":0,"7":0,"8":0,"9":0,"10":0,"11":0,"12":0,"13":0,"14":0,"15":0}}
,"/Users/kasperwelner/.warp/worktrees/hyper-dispatch/agent/HYDI-84-transition-prs-open/src/github/octokit.ts": {"path":"/Users/kasperwelner/.warp/worktrees/hyper-dispatch/agent/HYDI-84-transition-prs-open/src/github/octokit.ts","all":false,"statementMap":{"0":{"start":{"line":1,"column":0},"end":{"line":1,"column":40}},"1":{"start":{"line":2,"column":0},"end":{"line":2,"column":56}},"2":{"start":{"line":3,"column":0},"end":{"line":3,"column":46}},"16":{"start":{"line":17,"column":0},"end":{"line":17,"column":58}},"20":{"start":{"line":21,"column":0},"end":{"line":21,"column":34}},"24":{"start":{"line":25,"column":0},"end":{"line":25,"column":33}},"31":{"start":{"line":32,"column":0},"end":{"line":32,"column":22}},"32":{"start":{"line":33,"column":0},"end":{"line":33,"column":27}},"33":{"start":{"line":34,"column":0},"end":{"line":34,"column":20}},"34":{"start":{"line":35,"column":0},"end":{"line":35,"column":22}},"35":{"start":{"line":36,"column":0},"end":{"line":36,"column":64}},"36":{"start":{"line":37,"column":0},"end":{"line":37,"column":29}},"37":{"start":{"line":38,"column":0},"end":{"line":38,"column":51}},"38":{"start":{"line":39,"column":0},"end":{"line":39,"column":20}},"39":{"start":{"line":40,"column":0},"end":{"line":40,"column":43}},"40":{"start":{"line":41,"column":0},"end":{"line":41,"column":1}},"52":{"start":{"line":53,"column":0},"end":{"line":53,"column":85}},"53":{"start":{"line":54,"column":0},"end":{"line":54,"column":19}},"54":{"start":{"line":55,"column":0},"end":{"line":55,"column":73}},"55":{"start":{"line":56,"column":0},"end":{"line":56,"column":57}},"56":{"start":{"line":57,"column":0},"end":{"line":57,"column":4}},"57":{"start":{"line":58,"column":0},"end":{"line":58,"column":45}},"58":{"start":{"line":59,"column":0},"end":{"line":59,"column":2}},"60":{"start":{"line":61,"column":0},"end":{"line":61,"column":48}},"61":{"start":{"line":62,"column":0},"end":{"line":62,"column":13}},"62":{"start":{"line":63,"column":0},"end":{"line":63,"column":10}},"63":{"start":{"line":64,"column":0},"end":{"line":64,"column":10}},"64":{"start":{"line":65,"column":0},"end":{"line":65,"column":12}},"65":{"start":{"line":66,"column":0},"end":{"line":66,"column":6}},"66":{"start":{"line":67,"column":0},"end":{"line":67,"column":19}},"67":{"start":{"line":68,"column":0},"end":{"line":68,"column":75}},"68":{"start":{"line":69,"column":0},"end":{"line":69,"column":57}},"69":{"start":{"line":70,"column":0},"end":{"line":70,"column":4}},"70":{"start":{"line":71,"column":0},"end":{"line":71,"column":45}},"71":{"start":{"line":72,"column":0},"end":{"line":72,"column":2}},"77":{"start":{"line":78,"column":0},"end":{"line":78,"column":59}},"78":{"start":{"line":79,"column":0},"end":{"line":79,"column":30}},"79":{"start":{"line":80,"column":0},"end":{"line":80,"column":9}},"80":{"start":{"line":81,"column":0},"end":{"line":81,"column":37}},"81":{"start":{"line":82,"column":0},"end":{"line":82,"column":52}},"82":{"start":{"line":83,"column":0},"end":{"line":83,"column":5}},"83":{"start":{"line":84,"column":0},"end":{"line":84,"column":1}}},"s":{"0":1,"1":1,"2":1,"16":1,"20":1,"24":1,"31":0,"32":0,"33":0,"34":0,"35":0,"36":0,"37":0,"38":0,"39":0,"40":0,"52":1,"53":0,"54":0,"55":0,"56":0,"57":0,"58":0,"60":1,"61":0,"62":0,"63":0,"64":0,"65":0,"66":0,"67":0,"68":0,"69":0,"70":0,"71":0,"77":1,"78":0,"79":0,"80":0,"81":0,"82":0,"83":0},"branchMap":{},"b":{},"fnMap":{"0":{"name":"timeoutFetch","decl":{"start":{"line":32,"column":0},"end":{"line":41,"column":1}},"loc":{"start":{"line":32,"column":0},"end":{"line":41,"column":1}},"line":32},"1":{"name":"onRateLimit","decl":{"start":{"line":53,"column":38},"end":{"line":59,"column":2}},"loc":{"start":{"line":53,"column":38},"end":{"line":59,"column":2}},"line":53},"2":{"name":"onSecondaryRateLimit","decl":{"start":{"line":61,"column":47},"end":{"line":72,"column":2}},"loc":{"start":{"line":61,"column":47},"end":{"line":72,"column":2}},"line":61},"3":{"name":"createGithubClient","decl":{"start":{"line":78,"column":7},"end":{"line":84,"column":1}},"loc":{"start":{"line":78,"column":7},"end":{"line":84,"column":1}},"line":78}},"f":{"0":0,"1":0,"2":0,"3":0}}
,"/Users/kasperwelner/.warp/worktrees/hyper-dispatch/agent/HYDI-84-transition-prs-open/src/github/pull-requests.ts": {"path":"/Users/kasperwelner/.warp/worktrees/hyper-dispatch/agent/HYDI-84-transition-prs-open/src/github/pull-requests.ts","all":false,"statementMap":{"0":{"start":{"line":1,"column":0},"end":{"line":1,"column":50}},"2":{"start":{"line":3,"column":0},"end":{"line":3,"column":42}},"3":{"start":{"line":4,"column":0},"end":{"line":4,"column":15}},"4":{"start":{"line":5,"column":0},"end":{"line":5,"column":63}},"5":{"start":{"line":6,"column":0},"end":{"line":6,"column":7}},"6":{"start":{"line":7,"column":0},"end":{"line":7,"column":37}},"7":{"start":{"line":8,"column":0},"end":{"line":8,"column":64}},"8":{"start":{"line":9,"column":0},"end":{"line":9,"column":38}},"10":{"start":{"line":11,"column":0},"end":{"line":11,"column":53}},"11":{"start":{"line":12,"column":0},"end":{"line":12,"column":74}},"13":{"start":{"line":14,"column":0},"end":{"line":14,"column":58}},"14":{"start":{"line":15,"column":0},"end":{"line":15,"column":50}},"16":{"start":{"line":17,"column":0},"end":{"line":17,"column":39}},"17":{"start":{"line":18,"column":0},"end":{"line":18,"column":11}},"18":{"start":{"line":19,"column":0},"end":{"line":19,"column":16}},"19":{"start":{"line":20,"column":0},"end":{"line":20,"column":3}},"20":{"start":{"line":21,"column":0},"end":{"line":21,"column":1}},"22":{"start":{"line":23,"column":0},"end":{"line":23,"column":42}},"23":{"start":{"line":24,"column":0},"end":{"line":24,"column":16}},"24":{"start":{"line":25,"column":0},"end":{"line":25,"column":21}},"25":{"start":{"line":26,"column":0},"end":{"line":26,"column":31}},"26":{"start":{"line":27,"column":0},"end":{"line":27,"column":50}},"27":{"start":{"line":28,"column":0},"end":{"line":28,"column":16}},"28":{"start":{"line":29,"column":0},"end":{"line":29,"column":56}},"29":{"start":{"line":30,"column":0},"end":{"line":30,"column":3}},"31":{"start":{"line":32,"column":0},"end":{"line":32,"column":49}},"32":{"start":{"line":33,"column":0},"end":{"line":33,"column":56}},"33":{"start":{"line":34,"column":0},"end":{"line":34,"column":24}},"34":{"start":{"line":35,"column":0},"end":{"line":35,"column":22}},"35":{"start":{"line":36,"column":0},"end":{"line":36,"column":35}},"36":{"start":{"line":37,"column":0},"end":{"line":37,"column":5}},"37":{"start":{"line":38,"column":0},"end":{"line":38,"column":27}},"38":{"start":{"line":39,"column":0},"end":{"line":39,"column":1}},"41":{"start":{"line":42,"column":0},"end":{"line":42,"column":60}},"45":{"start":{"line":46,"column":0},"end":{"line":46,"column":29}},"46":{"start":{"line":47,"column":0},"end":{"line":47,"column":45}},"47":{"start":{"line":48,"column":0},"end":{"line":48,"column":72}},"48":{"start":{"line":49,"column":0},"end":{"line":49,"column":50}},"49":{"start":{"line":50,"column":0},"end":{"line":50,"column":18}},"50":{"start":{"line":51,"column":0},"end":{"line":51,"column":1}},"52":{"start":{"line":53,"column":0},"end":{"line":53,"column":49}},"53":{"start":{"line":54,"column":0},"end":{"line":54,"column":16}},"54":{"start":{"line":55,"column":0},"end":{"line":55,"column":21}},"55":{"start":{"line":56,"column":0},"end":{"line":56,"column":37}},"56":{"start":{"line":57,"column":0},"end":{"line":57,"column":50}},"57":{"start":{"line":58,"column":0},"end":{"line":58,"column":16}},"58":{"start":{"line":59,"column":0},"end":{"line":59,"column":56}},"59":{"start":{"line":60,"column":0},"end":{"line":60,"column":3}},"61":{"start":{"line":62,"column":0},"end":{"line":62,"column":49}},"62":{"start":{"line":63,"column":0},"end":{"line":63,"column":56}},"63":{"start":{"line":64,"column":0},"end":{"line":64,"column":24}},"64":{"start":{"line":65,"column":0},"end":{"line":65,"column":22}},"65":{"start":{"line":66,"column":0},"end":{"line":66,"column":35}},"66":{"start":{"line":67,"column":0},"end":{"line":67,"column":5}},"67":{"start":{"line":68,"column":0},"end":{"line":68,"column":40}},"68":{"start":{"line":69,"column":0},"end":{"line":69,"column":37}},"69":{"start":{"line":70,"column":0},"end":{"line":70,"column":29}},"70":{"start":{"line":71,"column":0},"end":{"line":71,"column":29}},"71":{"start":{"line":72,"column":0},"end":{"line":72,"column":5}},"72":{"start":{"line":73,"column":0},"end":{"line":73,"column":1}}},"s":{"0":1,"2":1,"3":2,"4":2,"5":2,"6":2,"7":2,"8":2,"10":2,"11":2,"13":2,"14":2,"16":2,"17":2,"18":0,"19":0,"20":2,"22":0,"23":0,"24":0,"25":0,"26":0,"27":0,"28":0,"29":0,"31":0,"32":0,"33":0,"34":0,"35":0,"36":0,"37":0,"38":0,"41":1,"45":9,"46":9,"47":9,"48":8,"49":1,"50":1,"52":2,"53":2,"54":2,"55":2,"56":2,"57":2,"58":0,"59":0,"61":2,"62":2,"63":2,"64":2,"65":2,"66":2,"67":2,"68":2,"69":2,"70":2,"71":2,"72":2},"branchMap":{"0":{"type":"branch","line":3,"loc":{"start":{"line":3,"column":7},"end":{"line":21,"column":1}},"locations":[{"start":{"line":3,"column":7},"end":{"line":21,"column":1}}]},"1":{"type":"branch","line":9,"loc":{"start":{"line":9,"column":26},"end":{"line":9,"column":38}},"locations":[{"start":{"line":9,"column":26},"end":{"line":9,"column":38}}]},"2":{"type":"branch","line":12,"loc":{"start":{"line":12,"column":62},"end":{"line":12,"column":74}},"locations":[{"start":{"line":12,"column":62},"end":{"line":12,"column":74}}]},"3":{"type":"branch","line":15,"loc":{"start":{"line":15,"column":38},"end":{"line":15,"column":50}},"locations":[{"start":{"line":15,"column":38},"end":{"line":15,"column":50}}]},"4":{"type":"branch","line":18,"loc":{"start":{"line":18,"column":2},"end":{"line":20,"column":3}},"locations":[{"start":{"line":18,"column":2},"end":{"line":20,"column":3}}]},"5":{"type":"branch","line":42,"loc":{"start":{"line":42,"column":7},"end":{"line":51,"column":1}},"locations":[{"start":{"line":42,"column":7},"end":{"line":51,"column":1}}]},"6":{"type":"branch","line":47,"loc":{"start":{"line":47,"column":29},"end":{"line":47,"column":45}},"locations":[{"start":{"line":47,"column":29},"end":{"line":47,"column":45}}]},"7":{"type":"branch","line":47,"loc":{"start":{"line":47,"column":36},"end":{"line":48,"column":38}},"locations":[{"start":{"line":47,"column":36},"end":{"line":48,"column":38}}]},"8":{"type":"branch","line":48,"loc":{"start":{"line":48,"column":28},"end":{"line":48,"column":57}},"locations":[{"start":{"line":48,"column":28},"end":{"line":48,"column":57}}]},"9":{"type":"branch","line":48,"loc":{"start":{"line":48,"column":57},"end":{"line":49,"column":50}},"locations":[{"start":{"line":48,"column":57},"end":{"line":49,"column":50}}]},"10":{"type":"branch","line":48,"loc":{"start":{"line":48,"column":57},"end":{"line":48,"column":72}},"locations":[{"start":{"line":48,"column":57},"end":{"line":48,"column":72}}]},"11":{"type":"branch","line":48,"loc":{"start":{"line":48,"column":64},"end":{"line":49,"column":43}},"locations":[{"start":{"line":48,"column":64},"end":{"line":49,"column":43}}]},"12":{"type":"branch","line":49,"loc":{"start":{"line":49,"column":36},"end":{"line":49,"column":50}},"locations":[{"start":{"line":49,"column":36},"end":{"line":49,"column":50}}]},"13":{"type":"branch","line":49,"loc":{"start":{"line":49,"column":43},"end":{"line":51,"column":1}},"locations":[{"start":{"line":49,"column":43},"end":{"line":51,"column":1}}]},"14":{"type":"branch","line":53,"loc":{"start":{"line":53,"column":0},"end":{"line":73,"column":1}},"locations":[{"start":{"line":53,"column":0},"end":{"line":73,"column":1}}]},"15":{"type":"branch","line":58,"loc":{"start":{"line":58,"column":15},"end":{"line":60,"column":3}},"locations":[{"start":{"line":58,"column":15},"end":{"line":60,"column":3}}]}},"b":{"0":[2],"1":[0],"2":[0],"3":[0],"4":[0],"5":[9],"6":[4],"7":[5],"8":[4],"9":[8],"10":[2],"11":[3],"12":[2],"13":[1],"14":[2],"15":[0]},"fnMap":{"0":{"name":"parseGithubPullRequestUrl","decl":{"start":{"line":3,"column":7},"end":{"line":21,"column":1}},"loc":{"start":{"line":3,"column":7},"end":{"line":21,"column":1}},"line":3},"1":{"name":"getPullRequestState","decl":{"start":{"line":23,"column":0},"end":{"line":39,"column":1}},"loc":{"start":{"line":23,"column":0},"end":{"line":39,"column":1}},"line":23},"2":{"name":"derivePullRequestDisplayState","decl":{"start":{"line":42,"column":7},"end":{"line":51,"column":1}},"loc":{"start":{"line":42,"column":7},"end":{"line":51,"column":1}},"line":42},"3":{"name":"getPullRequestDisplayState","decl":{"start":{"line":53,"column":0},"end":{"line":73,"column":1}},"loc":{"start":{"line":53,"column":0},"end":{"line":73,"column":1}},"line":53}},"f":{"0":2,"1":0,"2":9,"3":2}}
,"/Users/kasperwelner/.warp/worktrees/hyper-dispatch/agent/HYDI-84-transition-prs-open/src/github/skills.ts": {"path":"/Users/kasperwelner/.warp/worktrees/hyper-dispatch/agent/HYDI-84-transition-prs-open/src/github/skills.ts","all":true,"statementMap":{"0":{"start":{"line":1,"column":0},"end":{"line":1,"column":50}},"1":{"start":{"line":2,"column":0},"end":{"line":2,"column":39}},"9":{"start":{"line":10,"column":0},"end":{"line":10,"column":24}},"10":{"start":{"line":11,"column":0},"end":{"line":11,"column":18}},"11":{"start":{"line":12,"column":0},"end":{"line":12,"column":20}},"12":{"start":{"line":13,"column":0},"end":{"line":13,"column":20}},"13":{"start":{"line":14,"column":0},"end":{"line":14,"column":19}},"14":{"start":{"line":15,"column":0},"end":{"line":15,"column":2}},"16":{"start":{"line":17,"column":0},"end":{"line":17,"column":37}},"17":{"start":{"line":18,"column":0},"end":{"line":18,"column":16}},"18":{"start":{"line":19,"column":0},"end":{"line":19,"column":15}},"19":{"start":{"line":20,"column":0},"end":{"line":20,"column":18}},"20":{"start":{"line":21,"column":0},"end":{"line":21,"column":22}},"21":{"start":{"line":22,"column":0},"end":{"line":22,"column":26}},"22":{"start":{"line":23,"column":0},"end":{"line":23,"column":70}},"24":{"start":{"line":25,"column":0},"end":{"line":25,"column":46}},"25":{"start":{"line":26,"column":0},"end":{"line":26,"column":10}},"26":{"start":{"line":27,"column":0},"end":{"line":27,"column":9}},"27":{"start":{"line":28,"column":0},"end":{"line":28,"column":21}},"28":{"start":{"line":29,"column":0},"end":{"line":29,"column":19}},"29":{"start":{"line":30,"column":0},"end":{"line":30,"column":5}},"31":{"start":{"line":32,"column":0},"end":{"line":32,"column":34}},"33":{"start":{"line":34,"column":0},"end":{"line":34,"column":33}},"34":{"start":{"line":35,"column":0},"end":{"line":35,"column":27}},"35":{"start":{"line":36,"column":0},"end":{"line":36,"column":24}},"36":{"start":{"line":37,"column":0},"end":{"line":37,"column":46}},"38":{"start":{"line":39,"column":0},"end":{"line":39,"column":57}},"39":{"start":{"line":40,"column":0},"end":{"line":40,"column":29}},"40":{"start":{"line":41,"column":0},"end":{"line":41,"column":6}},"41":{"start":{"line":42,"column":0},"end":{"line":42,"column":33}},"44":{"start":{"line":45,"column":0},"end":{"line":45,"column":57}},"45":{"start":{"line":46,"column":0},"end":{"line":46,"column":41}},"46":{"start":{"line":47,"column":0},"end":{"line":47,"column":35}},"47":{"start":{"line":48,"column":0},"end":{"line":48,"column":31}},"48":{"start":{"line":49,"column":0},"end":{"line":49,"column":29}},"50":{"start":{"line":51,"column":0},"end":{"line":51,"column":17}},"51":{"start":{"line":52,"column":0},"end":{"line":52,"column":22}},"52":{"start":{"line":53,"column":0},"end":{"line":53,"column":11}},"53":{"start":{"line":54,"column":0},"end":{"line":54,"column":44}},"54":{"start":{"line":55,"column":0},"end":{"line":55,"column":7}},"55":{"start":{"line":56,"column":0},"end":{"line":56,"column":3}},"57":{"start":{"line":58,"column":0},"end":{"line":58,"column":16}},"58":{"start":{"line":59,"column":0},"end":{"line":59,"column":1}}},"s":{"0":0,"1":0,"9":0,"10":0,"11":0,"12":0,"13":0,"14":0,"16":0,"17":0,"18":0,"19":0,"20":0,"21":0,"22":0,"24":0,"25":0,"26":0,"27":0,"28":0,"29":0,"31":0,"33":0,"34":0,"35":0,"36":0,"38":0,"39":0,"40":0,"41":0,"44":0,"45":0,"46":0,"47":0,"48":0,"50":0,"51":0,"52":0,"53":0,"54":0,"55":0,"57":0,"58":0},"branchMap":{"0":{"type":"branch","line":1,"loc":{"start":{"line":1,"column":1313},"end":{"line":59,"column":1}},"locations":[{"start":{"line":1,"column":1313},"end":{"line":59,"column":1}}]}},"b":{"0":[0]},"fnMap":{"0":{"name":"(empty-report)","decl":{"start":{"line":1,"column":1313},"end":{"line":59,"column":1}},"loc":{"start":{"line":1,"column":1313},"end":{"line":59,"column":1}},"line":1}},"f":{"0":0}}
,"/Users/kasperwelner/.warp/worktrees/hyper-dispatch/agent/HYDI-84-transition-prs-open/src/github/workflow-runs.ts": {"path":"/Users/kasperwelner/.warp/worktrees/hyper-dispatch/agent/HYDI-84-transition-prs-open/src/github/workflow-runs.ts","all":false,"statementMap":{"11":{"start":{"line":12,"column":0},"end":{"line":12,"column":62}},"12":{"start":{"line":13,"column":0},"end":{"line":13,"column":74}},"15":{"start":{"line":16,"column":0},"end":{"line":16,"column":45}},"16":{"start":{"line":17,"column":0},"end":{"line":17,"column":11}},"17":{"start":{"line":18,"column":0},"end":{"line":18,"column":16}},"18":{"start":{"line":19,"column":0},"end":{"line":19,"column":12}},"19":{"start":{"line":20,"column":0},"end":{"line":20,"column":12}},"20":{"start":{"line":21,"column":0},"end":{"line":21,"column":14}},"23":{"start":{"line":24,"column":0},"end":{"line":24,"column":20}},"24":{"start":{"line":25,"column":0},"end":{"line":25,"column":3}},"37":{"start":{"line":38,"column":0},"end":{"line":38,"column":33}},"38":{"start":{"line":39,"column":0},"end":{"line":39,"column":35}},"44":{"start":{"line":45,"column":0},"end":{"line":45,"column":42}},"46":{"start":{"line":47,"column":0},"end":{"line":47,"column":34}},"49":{"start":{"line":50,"column":0},"end":{"line":50,"column":4}},"55":{"start":{"line":56,"column":0},"end":{"line":56,"column":50}},"56":{"start":{"line":57,"column":0},"end":{"line":57,"column":28}},"57":{"start":{"line":58,"column":0},"end":{"line":58,"column":1}},"64":{"start":{"line":65,"column":0},"end":{"line":65,"column":42}},"65":{"start":{"line":66,"column":0},"end":{"line":66,"column":18}},"66":{"start":{"line":67,"column":0},"end":{"line":67,"column":16}},"67":{"start":{"line":68,"column":0},"end":{"line":68,"column":15}},"68":{"start":{"line":69,"column":0},"end":{"line":69,"column":18}},"69":{"start":{"line":70,"column":0},"end":{"line":70,"column":31}},"70":{"start":{"line":71,"column":0},"end":{"line":71,"column":25}},"71":{"start":{"line":72,"column":0},"end":{"line":72,"column":49}},"72":{"start":{"line":73,"column":0},"end":{"line":73,"column":41}},"73":{"start":{"line":74,"column":0},"end":{"line":74,"column":23}},"74":{"start":{"line":75,"column":0},"end":{"line":75,"column":3}},"76":{"start":{"line":77,"column":0},"end":{"line":77,"column":37}},"77":{"start":{"line":78,"column":0},"end":{"line":78,"column":65}},"78":{"start":{"line":79,"column":0},"end":{"line":79,"column":67}},"79":{"start":{"line":80,"column":0},"end":{"line":80,"column":12}},"80":{"start":{"line":81,"column":0},"end":{"line":81,"column":11}},"81":{"start":{"line":82,"column":0},"end":{"line":82,"column":39}},"82":{"start":{"line":83,"column":0},"end":{"line":83,"column":11}},"83":{"start":{"line":84,"column":0},"end":{"line":84,"column":7}},"84":{"start":{"line":85,"column":0},"end":{"line":85,"column":69}},"85":{"start":{"line":86,"column":0},"end":{"line":86,"column":27}},"86":{"start":{"line":87,"column":0},"end":{"line":87,"column":56}},"87":{"start":{"line":88,"column":0},"end":{"line":88,"column":3}},"89":{"start":{"line":90,"column":0},"end":{"line":90,"column":35}},"90":{"start":{"line":91,"column":0},"end":{"line":91,"column":48}},"91":{"start":{"line":92,"column":0},"end":{"line":92,"column":9}},"92":{"start":{"line":93,"column":0},"end":{"line":93,"column":5}},"95":{"start":{"line":96,"column":0},"end":{"line":96,"column":49}},"96":{"start":{"line":97,"column":0},"end":{"line":97,"column":62}},"97":{"start":{"line":98,"column":0},"end":{"line":98,"column":3}},"98":{"start":{"line":99,"column":0},"end":{"line":99,"column":14}},"99":{"start":{"line":100,"column":0},"end":{"line":100,"column":1}},"106":{"start":{"line":107,"column":0},"end":{"line":107,"column":37}},"107":{"start":{"line":108,"column":0},"end":{"line":108,"column":34}},"108":{"start":{"line":109,"column":0},"end":{"line":109,"column":52}},"109":{"start":{"line":110,"column":0},"end":{"line":110,"column":18}},"110":{"start":{"line":111,"column":0},"end":{"line":111,"column":54}},"111":{"start":{"line":112,"column":0},"end":{"line":112,"column":78}},"112":{"start":{"line":113,"column":0},"end":{"line":113,"column":42}},"114":{"start":{"line":115,"column":0},"end":{"line":115,"column":69}},"115":{"start":{"line":116,"column":0},"end":{"line":116,"column":24}},"116":{"start":{"line":117,"column":0},"end":{"line":117,"column":56}},"117":{"start":{"line":118,"column":0},"end":{"line":118,"column":19}},"119":{"start":{"line":120,"column":0},"end":{"line":120,"column":10}},"120":{"start":{"line":121,"column":0},"end":{"line":121,"column":85}},"121":{"start":{"line":122,"column":0},"end":{"line":122,"column":47}},"122":{"start":{"line":123,"column":0},"end":{"line":123,"column":45}},"123":{"start":{"line":124,"column":0},"end":{"line":124,"column":6}},"124":{"start":{"line":125,"column":0},"end":{"line":125,"column":4}},"125":{"start":{"line":126,"column":0},"end":{"line":126,"column":1}}},"s":{"11":1,"12":1,"15":1,"16":1,"17":1,"18":1,"19":1,"20":1,"23":1,"24":1,"37":1,"38":1,"44":1,"46":1,"49":1,"55":1,"56":3,"57":3,"64":11,"65":11,"66":11,"67":11,"68":11,"69":11,"70":11,"71":11,"72":11,"73":1,"74":1,"76":10,"77":11,"78":13,"79":13,"80":13,"81":13,"82":13,"83":13,"84":13,"85":13,"86":13,"87":13,"89":10,"90":10,"91":10,"92":10,"95":10,"96":11,"97":11,"98":10,"99":10,"106":1,"107":14,"108":14,"109":14,"110":14,"111":6,"112":2,"114":14,"115":13,"116":7,"117":6,"119":14,"120":14,"121":14,"122":7,"123":14,"124":14,"125":14},"branchMap":{"0":{"type":"branch","line":56,"loc":{"start":{"line":56,"column":7},"end":{"line":58,"column":1}},"locations":[{"start":{"line":56,"column":7},"end":{"line":58,"column":1}}]},"1":{"type":"branch","line":65,"loc":{"start":{"line":65,"column":0},"end":{"line":100,"column":1}},"locations":[{"start":{"line":65,"column":0},"end":{"line":100,"column":1}}]},"2":{"type":"branch","line":73,"loc":{"start":{"line":73,"column":6},"end":{"line":73,"column":40}},"locations":[{"start":{"line":73,"column":6},"end":{"line":73,"column":40}}]},"3":{"type":"branch","line":73,"loc":{"start":{"line":73,"column":40},"end":{"line":75,"column":3}},"locations":[{"start":{"line":73,"column":40},"end":{"line":75,"column":3}}]},"4":{"type":"branch","line":75,"loc":{"start":{"line":75,"column":2},"end":{"line":78,"column":64}},"locations":[{"start":{"line":75,"column":2},"end":{"line":78,"column":64}}]},"5":{"type":"branch","line":78,"loc":{"start":{"line":78,"column":64},"end":{"line":88,"column":3}},"locations":[{"start":{"line":78,"column":64},"end":{"line":88,"column":3}}]},"6":{"type":"branch","line":85,"loc":{"start":{"line":85,"column":27},"end":{"line":85,"column":69}},"locations":[{"start":{"line":85,"column":27},"end":{"line":85,"column":69}}]},"7":{"type":"branch","line":87,"loc":{"start":{"line":87,"column":50},"end":{"line":87,"column":56}},"locations":[{"start":{"line":87,"column":50},"end":{"line":87,"column":56}}]},"8":{"type":"branch","line":88,"loc":{"start":{"line":88,"column":2},"end":{"line":100,"column":1}},"locations":[{"start":{"line":88,"column":2},"end":{"line":100,"column":1}}]},"9":{"type":"branch","line":96,"loc":{"start":{"line":96,"column":48},"end":{"line":98,"column":3}},"locations":[{"start":{"line":96,"column":48},"end":{"line":98,"column":3}}]},"10":{"type":"branch","line":97,"loc":{"start":{"line":97,"column":32},"end":{"line":97,"column":62}},"locations":[{"start":{"line":97,"column":32},"end":{"line":97,"column":62}}]},"11":{"type":"branch","line":107,"loc":{"start":{"line":107,"column":7},"end":{"line":126,"column":1}},"locations":[{"start":{"line":107,"column":7},"end":{"line":126,"column":1}}]},"12":{"type":"branch","line":111,"loc":{"start":{"line":111,"column":20},"end":{"line":113,"column":42}},"locations":[{"start":{"line":111,"column":20},"end":{"line":113,"column":42}}]},"13":{"type":"branch","line":112,"loc":{"start":{"line":112,"column":9},"end":{"line":112,"column":30}},"locations":[{"start":{"line":112,"column":9},"end":{"line":112,"column":30}}]},"14":{"type":"branch","line":112,"loc":{"start":{"line":112,"column":74},"end":{"line":113,"column":42}},"locations":[{"start":{"line":112,"column":74},"end":{"line":113,"column":42}}]},"15":{"type":"branch","line":112,"loc":{"start":{"line":112,"column":35},"end":{"line":112,"column":74}},"locations":[{"start":{"line":112,"column":35},"end":{"line":112,"column":74}}]},"16":{"type":"branch","line":115,"loc":{"start":{"line":115,"column":21},"end":{"line":118,"column":19}},"locations":[{"start":{"line":115,"column":21},"end":{"line":118,"column":19}}]},"17":{"type":"branch","line":116,"loc":{"start":{"line":116,"column":17},"end":{"line":117,"column":56}},"locations":[{"start":{"line":116,"column":17},"end":{"line":117,"column":56}}]},"18":{"type":"branch","line":117,"loc":{"start":{"line":117,"column":40},"end":{"line":117,"column":52}},"locations":[{"start":{"line":117,"column":40},"end":{"line":117,"column":52}}]},"19":{"type":"branch","line":117,"loc":{"start":{"line":117,"column":52},"end":{"line":118,"column":19}},"locations":[{"start":{"line":117,"column":52},"end":{"line":118,"column":19}}]},"20":{"type":"branch","line":121,"loc":{"start":{"line":121,"column":37},"end":{"line":121,"column":83}},"locations":[{"start":{"line":121,"column":37},"end":{"line":121,"column":83}}]},"21":{"type":"branch","line":122,"loc":{"start":{"line":122,"column":39},"end":{"line":123,"column":45}},"locations":[{"start":{"line":122,"column":39},"end":{"line":123,"column":45}}]}},"b":{"0":[3],"1":[11],"2":[1],"3":[1],"4":[10],"5":[13],"6":[0],"7":[9],"8":[10],"9":[11],"10":[0],"11":[14],"12":[6],"13":[0],"14":[2],"15":[5],"16":[13],"17":[7],"18":[0],"19":[6],"20":[6],"21":[7]},"fnMap":{"0":{"name":"__clearWorkflowRunsCache","decl":{"start":{"line":56,"column":7},"end":{"line":58,"column":1}},"loc":{"start":{"line":56,"column":7},"end":{"line":58,"column":1}},"line":56},"1":{"name":"getRepoWorkflowRuns","decl":{"start":{"line":65,"column":0},"end":{"line":100,"column":1}},"loc":{"start":{"line":65,"column":0},"end":{"line":100,"column":1}},"line":65},"2":{"name":"computePrActionState","decl":{"start":{"line":107,"column":7},"end":{"line":126,"column":1}},"loc":{"start":{"line":107,"column":7},"end":{"line":126,"column":1}},"line":107},"3":{"name":"matchesPr","decl":{"start":{"line":111,"column":20},"end":{"line":113,"column":42}},"loc":{"start":{"line":111,"column":20},"end":{"line":113,"column":42}},"line":111},"4":{"name":"isInFlight","decl":{"start":{"line":115,"column":21},"end":{"line":118,"column":19}},"loc":{"start":{"line":115,"column":21},"end":{"line":118,"column":19}},"line":115}},"f":{"0":3,"1":11,"2":14,"3":6,"4":13}}
[...]
":128,"column":101}},"128":{"start":{"line":129,"column":0},"end":{"line":129,"column":3}},"131":{"start":{"line":132,"column":0},"end":{"line":132,"column":52}},"132":{"start":{"line":133,"column":0},"end":{"line":133,"column":16}},"133":{"start":{"line":134,"column":0},"end":{"line":134,"column":75}},"134":{"start":{"line":135,"column":0},"end":{"line":135,"column":3}},"135":{"start":{"line":136,"column":0},"end":{"line":136,"column":52}},"136":{"start":{"line":137,"column":0},"end":{"line":137,"column":40}},"137":{"start":{"line":138,"column":0},"end":{"line":138,"column":35}},"138":{"start":{"line":139,"column":0},"end":{"line":139,"column":47}},"139":{"start":{"line":140,"column":0},"end":{"line":140,"column":43}},"140":{"start":{"line":141,"column":0},"end":{"line":141,"column":34}},"141":{"start":{"line":142,"column":0},"end":{"line":142,"column":5}},"144":{"start":{"line":145,"column":0},"end":{"line":145,"column":62}},"145":{"start":{"line":146,"column":0},"end":{"line":146,"column":64}},"146":{"start":{"line":147,"column":0},"end":{"line":147,"column":26}},"147":{"start":{"line":148,"column":0},"end":{"line":148,"column":3}},"150":{"start":{"line":151,"column":0},"end":{"line":151,"column":62}},"151":{"start":{"line":152,"column":0},"end":{"line":152,"column":57}},"153":{"start":{"line":154,"column":0},"end":{"line":154,"column":27}},"154":{"start":{"line":155,"column":0},"end":{"line":155,"column":36}},"155":{"start":{"line":156,"column":0},"end":{"line":156,"column":68}},"156":{"start":{"line":157,"column":0},"end":{"line":157,"column":20}},"157":{"start":{"line":158,"column":0},"end":{"line":158,"column":25}},"158":{"start":{"line":159,"column":0},"end":{"line":159,"column":7}},"159":{"start":{"line":160,"column":0},"end":{"line":160,"column":5}},"161":{"start":{"line":162,"column":0},"end":{"line":162,"column":66}},"162":{"start":{"line":163,"column":0},"end":{"line":163,"column":3}},"165":{"start":{"line":166,"column":0},"end":{"line":166,"column":39}},"166":{"start":{"line":167,"column":0},"end":{"line":167,"column":3}},"168":{"start":{"line":169,"column":0},"end":{"line":169,"column":44}},"169":{"start":{"line":170,"column":0},"end":{"line":170,"column":50}},"170":{"start":{"line":171,"column":0},"end":{"line":171,"column":23}},"171":{"start":{"line":172,"column":0},"end":{"line":172,"column":89}},"172":{"start":{"line":173,"column":0},"end":{"line":173,"column":70}},"173":{"start":{"line":174,"column":0},"end":{"line":174,"column":3}},"175":{"start":{"line":176,"column":0},"end":{"line":176,"column":37}},"176":{"start":{"line":177,"column":0},"end":{"line":177,"column":62}},"177":{"start":{"line":178,"column":0},"end":{"line":178,"column":88}},"178":{"start":{"line":179,"column":0},"end":{"line":179,"column":24}},"179":{"start":{"line":180,"column":0},"end":{"line":180,"column":63}},"180":{"start":{"line":181,"column":0},"end":{"line":181,"column":3}},"182":{"start":{"line":183,"column":0},"end":{"line":183,"column":16}},"193":{"start":{"line":194,"column":0},"end":{"line":194,"column":7}},"194":{"start":{"line":195,"column":0},"end":{"line":195,"column":52}},"195":{"start":{"line":196,"column":0},"end":{"line":196,"column":11}},"196":{"start":{"line":197,"column":0},"end":{"line":197,"column":55}},"197":{"start":{"line":198,"column":0},"end":{"line":198,"column":3}},"199":{"start":{"line":200,"column":0},"end":{"line":200,"column":47}},"200":{"start":{"line":201,"column":0},"end":{"line":201,"column":25}},"201":{"start":{"line":202,"column":0},"end":{"line":202,"column":38}},"202":{"start":{"line":203,"column":0},"end":{"line":203,"column":3}},"204":{"start":{"line":205,"column":0},"end":{"line":205,"column":33}},"205":{"start":{"line":206,"column":0},"end":{"line":206,"column":41}},"206":{"start":{"line":207,"column":0},"end":{"line":207,"column":3}},"208":{"start":{"line":209,"column":0},"end":{"line":209,"column":47}},"209":{"start":{"line":210,"column":0},"end":{"line":210,"column":15}},"210":{"start":{"line":211,"column":0},"end":{"line":211,"column":82}},"211":{"start":{"line":212,"column":0},"end":{"line":212,"column":3}},"213":{"start":{"line":214,"column":0},"end":{"line":214,"column":43}},"214":{"start":{"line":215,"column":0},"end":{"line":215,"column":26}},"215":{"start":{"line":216,"column":0},"end":{"line":216,"column":67}},"216":{"start":{"line":217,"column":0},"end":{"line":217,"column":3}},"218":{"start":{"line":219,"column":0},"end":{"line":219,"column":62}},"219":{"start":{"line":220,"column":0},"end":{"line":220,"column":34}},"220":{"start":{"line":221,"column":0},"end":{"line":221,"column":76}},"221":{"start":{"line":222,"column":0},"end":{"line":222,"column":60}},"222":{"start":{"line":223,"column":0},"end":{"line":223,"column":28}},"223":{"start":{"line":224,"column":0},"end":{"line":224,"column":68}},"224":{"start":{"line":225,"column":0},"end":{"line":225,"column":14}},"225":{"start":{"line":226,"column":0},"end":{"line":226,"column":26}},"226":{"start":{"line":227,"column":0},"end":{"line":227,"column":28}},"227":{"start":{"line":228,"column":0},"end":{"line":228,"column":8}},"228":{"start":{"line":229,"column":0},"end":{"line":229,"column":26}},"229":{"start":{"line":230,"column":0},"end":{"line":230,"column":39}},"232":{"start":{"line":233,"column":0},"end":{"line":233,"column":55}},"233":{"start":{"line":234,"column":0},"end":{"line":234,"column":7}},"234":{"start":{"line":235,"column":0},"end":{"line":235,"column":12}},"235":{"start":{"line":236,"column":0},"end":{"line":236,"column":19}},"236":{"start":{"line":237,"column":0},"end":{"line":237,"column":106}},"237":{"start":{"line":238,"column":0},"end":{"line":238,"column":8}},"238":{"start":{"line":239,"column":0},"end":{"line":239,"column":5}},"239":{"start":{"line":240,"column":0},"end":{"line":240,"column":3}},"240":{"start":{"line":241,"column":0},"end":{"line":241,"column":20}},"241":{"start":{"line":242,"column":0},"end":{"line":242,"column":92}},"242":{"start":{"line":243,"column":0},"end":{"line":243,"column":4}},"244":{"start":{"line":245,"column":0},"end":{"line":245,"column":77}},"245":{"start":{"line":246,"column":0},"end":{"line":246,"column":22}},"246":{"start":{"line":247,"column":0},"end":{"line":247,"column":23}},"247":{"start":{"line":248,"column":0},"end":{"line":248,"column":39}},"248":{"start":{"line":249,"column":0},"end":{"line":249,"column":33}},"249":{"start":{"line":250,"column":0},"end":{"line":250,"column":10}},"250":{"start":{"line":251,"column":0},"end":{"line":251,"column":7}},"251":{"start":{"line":252,"column":0},"end":{"line":252,"column":6}},"252":{"start":{"line":253,"column":0},"end":{"line":253,"column":3}},"254":{"start":{"line":255,"column":0},"end":{"line":255,"column":17}},"255":{"start":{"line":256,"column":0},"end":{"line":256,"column":22}},"256":{"start":{"line":257,"column":0},"end":{"line":257,"column":18}},"257":{"start":{"line":258,"column":0},"end":{"line":258,"column":37}},"258":{"start":{"line":259,"column":0},"end":{"line":259,"column":47}},"259":{"start":{"line":260,"column":0},"end":{"line":260,"column":27}},"260":{"start":{"line":261,"column":0},"end":{"line":261,"column":5}},"261":{"start":{"line":262,"column":0},"end":{"line":262,"column":3}}},"s":{"0":1,"1":1,"3":1,"10":1,"14":1,"15":1,"16":1,"17":1,"18":1,"19":1,"21":1,"31":12,"32":12,"33":12,"34":12,"35":12,"36":12,"37":1,"38":1,"40":11,"41":11,"42":11,"43":11,"45":12,"46":1,"47":1,"49":10,"50":10,"52":8,"54":8,"55":8,"57":8,"58":8,"59":8,"60":1,"61":1,"68":1,"85":3,"86":3,"87":3,"88":3,"89":3,"90":3,"91":3,"92":3,"94":3,"95":3,"96":3,"97":3,"98":1,"99":3,"100":2,"101":2,"102":2,"103":2,"104":2,"105":2,"106":2,"107":0,"108":0,"109":0,"110":0,"111":0,"112":0,"113":2,"114":3,"116":1,"117":6,"118":6,"119":6,"120":6,"121":1,"122":1,"124":5,"126":6,"127":1,"128":1,"131":4,"132":6,"133":1,"134":1,"135":3,"136":3,"137":3,"138":3,"139":3,"140":3,"141":3,"144":6,"145":1,"146":1,"147":1,"150":6,"151":1,"153":1,"154":1,"155":2,"156":2,"157":1,"158":1,"159":2,"161":1,"162":1,"165":1,"166":1,"168":1,"169":13,"170":13,"171":1,"172":1,"173":1,"175":12,"176":12,"177":12,"178":13,"179":2,"180":2,"182":10,"193":10,"194":10,"195":13,"196":0,"197":0,"199":10,"200":13,"201":1,"202":1,"204":13,"205":0,"206":0,"208":9,"209":13,"210":0,"211":0,"213":9,"214":13,"215":1,"216":1,"218":8,"219":8,"220":13,"221":3,"222":3,"223":3,"224":3,"225":3,"226":3,"227":3,"228":3,"229":3,"232":3,"233":3,"234":3,"235":0,"236":0,"237":0,"238":0,"239":3,"240":8,"241":8,"242":8,"244":13,"245":1,"246":1,"247":1,"248":1,"249":1,"250":1,"251":1,"252":1,"254":8,"255":8,"256":8,"257":8,"258":8,"259":8,"260":8,"261":8},"branchMap":{"0":{"type":"branch","line":32,"loc":{"start":{"line":32,"column":0},"end":{"line":51,"column":1}},"locations":[{"start":{"line":32,"column":0},"end":{"line":51,"column":1}}]},"1":{"type":"branch","line":37,"loc":{"start":{"line":37,"column":7},"end":{"line":37,"column":35}},"locations":[{"start":{"line":37,"column":7},"end":{"line":37,"column":35}}]},"2":{"type":"branch","line":37,"loc":{"start":{"line":37,"column":47},"end":{"line":39,"column":3}},"locations":[{"start":{"line":37,"column":47},"end":{"line":39,"column":3}}]},"3":{"type":"branch","line":39,"loc":{"start":{"line":39,"column":2},"end":{"line":46,"column":55}},"locations":[{"start":{"line":39,"column":2},"end":{"line":46,"column":55}}]},"4":{"type":"branch","line":46,"loc":{"start":{"line":46,"column":55},"end":{"line":48,"column":3}},"locations":[{"start":{"line":46,"column":55},"end":{"line":48,"column":3}}]},"5":{"type":"branch","line":48,"loc":{"start":{"line":48,"column":2},"end":{"line":51,"column":1}},"locations":[{"start":{"line":48,"column":2},"end":{"line":51,"column":1}}]},"6":{"type":"branch","line":53,"loc":{"start":{"line":53,"column":0},"end":{"line":62,"column":1}},"locations":[{"start":{"line":53,"column":0},"end":{"line":62,"column":1}}]},"7":{"type":"branch","line":58,"loc":{"start":{"line":58,"column":30},"end":{"line":58,"column":46}},"locations":[{"start":{"line":58,"column":30},"end":{"line":58,"column":46}}]},"8":{"type":"branch","line":58,"loc":{"start":{"line":58,"column":37},"end":{"line":59,"column":29}},"locations":[{"start":{"line":58,"column":37},"end":{"line":59,"column":29}}]},"9":{"type":"branch","line":59,"loc":{"start":{"line":59,"column":29},"end":{"line":59,"column":58}},"locations":[{"start":{"line":59,"column":29},"end":{"line":59,"column":58}}]},"10":{"type":"branch","line":59,"loc":{"start":{"line":59,"column":58},"end":{"line":59,"column":73}},"locations":[{"start":{"line":59,"column":58},"end":{"line":59,"column":73}}]},"11":{"type":"branch","line":59,"loc":{"start":{"line":59,"column":65},"end":{"line":60,"column":29}},"locations":[{"start":{"line":59,"column":65},"end":{"line":60,"column":29}}]},"12":{"type":"branch","line":60,"loc":{"start":{"line":60,"column":37},"end":{"line":62,"column":1}},"locations":[{"start":{"line":60,"column":37},"end":{"line":62,"column":1}}]},"13":{"type":"branch","line":86,"loc":{"start":{"line":86,"column":0},"end":{"line":115,"column":1}},"locations":[{"start":{"line":86,"column":0},"end":{"line":115,"column":1}}]},"14":{"type":"branch","line":92,"loc":{"start":{"line":92,"column":37},"end":{"line":92,"column":68}},"locations":[{"start":{"line":92,"column":37},"end":{"line":92,"column":68}}]},"15":{"type":"branch","line":98,"loc":{"start":{"line":98,"column":5},"end":{"line":100,"column":11}},"locations":[{"start":{"line":98,"column":5},"end":{"line":100,"column":11}}]},"16":{"type":"branch","line":100,"loc":{"start":{"line":100,"column":2},"end":{"line":114,"column":3}},"locations":[{"start":{"line":100,"column":2},"end":{"line":114,"column":3}}]},"17":{"type":"branch","line":107,"loc":{"start":{"line":107,"column":4},"end":{"line":113,"column":5}},"locations":[{"start":{"line":107,"column":4},"end":{"line":113,"column":5}}]},"18":{"type":"branch","line":117,"loc":{"start":{"line":117,"column":28},"end":{"line":167,"column":3}},"locations":[{"start":{"line":117,"column":28},"end":{"line":167,"column":3}}]},"19":{"type":"branch","line":120,"loc":{"start":{"line":120,"column":41},"end":{"line":121,"column":10}},"locations":[{"start":{"line":120,"column":41},"end":{"line":121,"column":10}}]},"20":{"type":"branch","line":121,"loc":{"start":{"line":121,"column":2},"end":{"line":123,"column":3}},"locations":[{"start":{"line":121,"column":2},"end":{"line":123,"column":3}}]},"21":{"type":"branch","line":123,"loc":{"start":{"line":123,"column":2},"end":{"line":127,"column":34}},"locations":[{"start":{"line":123,"column":2},"end":{"line":127,"column":34}}]},"22":{"type":"branch","line":127,"loc":{"start":{"line":127,"column":20},"end":{"line":127,"column":53}},"locations":[{"start":{"line":127,"column":20},"end":{"line":127,"column":53}}]},"23":{"type":"branch","line":127,"loc":{"start":{"line":127,"column":53},"end":{"line":129,"column":3}},"locations":[{"start":{"line":127,"column":53},"end":{"line":129,"column":3}}]},"24":{"type":"branch","line":129,"loc":{"start":{"line":129,"column":2},"end":{"line":133,"column":15}},"locations":[{"start":{"line":129,"column":2},"end":{"line":133,"column":15}}]},"25":{"type":"branch","line":133,"loc":{"start":{"line":133,"column":15},"end":{"line":135,"column":3}},"locations":[{"start":{"line":133,"column":15},"end":{"line":135,"column":3}}]},"26":{"type":"branch","line":135,"loc":{"start":{"line":135,"column":2},"end":{"line":145,"column":61}},"locations":[{"start":{"line":135,"column":2},"end":{"line":145,"column":61}}]},"27":{"type":"branch","line":145,"loc":{"start":{"line":145,"column":61},"end":{"line":148,"column":3}},"locations":[{"start":{"line":145,"column":61},"end":{"line":148,"column":3}}]},"28":{"type":"branch","line":148,"loc":{"start":{"line":148,"column":2},"end":{"line":151,"column":61}},"locations":[{"start":{"line":148,"column":2},"end":{"line":151,"column":61}}]},"29":{"type":"branch","line":151,"loc":{"start":{"line":151,"column":61},"end":{"line":167,"column":3}},"locations":[{"start":{"line":151,"column":61},"end":{"line":167,"column":3}}]},"30":{"type":"branch","line":155,"loc":{"start":{"line":155,"column":35},"end":{"line":160,"column":5}},"locations":[{"start":{"line":155,"column":35},"end":{"line":160,"column":5}}]},"31":{"type":"branch","line":157,"loc":{"start":{"line":157,"column":19},"end":{"line":159,"column":7}},"locations":[{"start":{"line":157,"column":19},"end":{"line":159,"column":7}}]},"32":{"type":"branch","line":169,"loc":{"start":{"line":169,"column":30},"end":{"line":262,"column":3}},"locations":[{"start":{"line":169,"column":30},"end":{"line":262,"column":3}}]},"33":{"type":"branch","line":171,"loc":{"start":{"line":171,"column":22},"end":{"line":174,"column":3}},"locations":[{"start":{"line":171,"column":22},"end":{"line":174,"column":3}}]},"34":{"type":"branch","line":174,"loc":{"start":{"line":174,"column":2},"end":{"line":179,"column":23}},"locations":[{"start":{"line":174,"column":2},"end":{"line":179,"column":23}}]},"35":{"type":"branch","line":179,"loc":{"start":{"line":179,"column":23},"end":{"line":181,"column":3}},"locations":[{"start":{"line":179,"column":23},"end":{"line":181,"column":3}}]},"36":{"type":"branch","line":181,"loc":{"start":{"line":181,"column":2},"end":{"line":196,"column":10}},"locations":[{"start":{"line":181,"column":2},"end":{"line":196,"column":10}}]},"37":{"type":"branch","line":196,"loc":{"start":{"line":196,"column":2},"end":{"line":198,"column":3}},"locations":[{"start":{"line":196,"column":2},"end":{"line":198,"column":3}}]},"38":{"type":"branch","line":198,"loc":{"start":{"line":198,"column":2},"end":{"line":201,"column":24}},"locations":[{"start":{"line":198,"column":2},"end":{"line":201,"column":24}}]},"39":{"type":"branch","line":201,"loc":{"start":{"line":201,"column":24},"end":{"line":203,"column":3}},"locations":[{"start":{"line":201,"column":24},"end":{"line":203,"column":3}}]},"40":{"type":"branch","line":203,"loc":{"start":{"line":203,"column":2},"end":{"line":205,"column":32}},"locations":[{"start":{"line":203,"column":2},"end":{"line":205,"column":32}}]},"41":{"type":"branch","line":205,"loc":{"start":{"line":205,"column":32},"end":{"line":207,"column":3}},"locations":[{"start":{"line":205,"column":32},"end":{"line":207,"column":3}}]},"42":{"type":"branch","line":207,"loc":{"start":{"line":207,"column":2},"end":{"line":209,"column":47}},"locations":[{"start":{"line":207,"column":2},"end":{"line":209,"column":47}}]},"43":{"type":"branch","line":210,"loc":{"start":{"line":210,"column":14},"end":{"line":212,"column":3}},"locations":[{"start":{"line":210,"column":14},"end":{"line":212,"column":3}}]},"44":{"type":"branch","line":212,"loc":{"start":{"line":212,"column":2},"end":{"line":215,"column":25}},"locations":[{"start":{"line":212,"column":2},"end":{"line":215,"column":25}}]},"45":{"type":"branch","line":215,"loc":{"start":{"line":215,"column":25},"end":{"line":217,"column":3}},"locations":[{"start":{"line":215,"column":25},"end":{"line":217,"column":3}}]},"46":{"type":"branch","line":217,"loc":{"start":{"line":217,"column":2},"end":{"line":221,"column":37}},"locations":[{"start":{"line":217,"column":2},"end":{"line":221,"column":37}}]},"47":{"type":"branch","line":221,"loc":{"start":{"line":221,"column":25},"end":{"line":221,"column":75}},"locations":[{"start":{"line":221,"column":25},"end":{"line":221,"column":75}}]},"48":{"type":"branch","line":221,"loc":{"start":{"line":221,"column":75},"end":{"line":240,"column":3}},"locations":[{"start":{"line":221,"column":75},"end":{"line":240,"column":3}}]},"49":{"type":"branch","line":235,"loc":{"start":{"line":235,"column":4},"end":{"line":239,"column":5}},"locations":[{"start":{"line":235,"column":4},"end":{"line":239,"column":5}}]},"50":{"type":"branch","line":240,"loc":{"start":{"line":240,"column":2},"end":{"line":245,"column":37}},"locations":[{"start":{"line":240,"column":2},"end":{"line":245,"column":37}}]},"51":{"type":"branch","line":245,"loc":{"start":{"line":245,"column":25},"end":{"line":245,"column":76}},"locations":[{"start":{"line":245,"column":25},"end":{"line":245,"column":76}}]},"52":{"type":"branch","line":245,"loc":{"start":{"line":245,"column":76},"end":{"line":253,"column":3}},"locations":[{"start":{"line":245,"column":76},"end":{"line":253,"column":3}}]},"53":{"type":"branch","line":253,"loc":{"start":{"line":253,"column":2},"end":{"line":262,"column":3}},"locations":[{"start":{"line":253,"column":2},"end":{"line":262,"column":3}}]},"54":{"type":"branch","line":242,"loc":{"start":{"line":242,"column":13},"end":{"line":242,"column":91}},"locations":[{"start":{"line":242,"column":13},"end":{"line":242,"column":91}}]},"55":{"type":"branch","line":247,"loc":{"start":{"line":247,"column":15},"end":{"line":250,"column":10}},"locations":[{"start":{"line":247,"column":15},"end":{"line":250,"column":10}}]}},"b":{"0":[12],"1":[11],"2":[1],"3":[11],"4":[1],"5":[10],"6":[8],"7":[2],"8":[6],"9":[5],"10":[4],"11":[2],"12":[1],"13":[3],"14":[0],"15":[1],"16":[2],"17":[0],"18":[6],"19":[5],"20":[1],"21":[5],"22":[5],"23":[1],"24":[4],"25":[1],"26":[3],"27":[1],"28":[2],"29":[1],"30":[2],"31":[1],"32":[13],"33":[1],"34":[12],"35":[2],"36":[10],"37":[0],"38":[10],"39":[1],"40":[9],"41":[0],"42":[9],"43":[0],"44":[9],"45":[1],"46":[8],"47":[3],"48":[3],"49":[0],"50":[8],"51":[1],"52":[1],"53":[8],"54":[8],"55":[1]},"fnMap":{"0":{"name":"verifyGithubSignature","decl":{"start":{"line":32,"column":0},"end":{"line":51,"column":1}},"loc":{"start":{"line":32,"column":0},"end":{"line":51,"column":1}},"line":32},"1":{"name":"derivePullRequestDisplayState","decl":{"start":{"line":53,"column":0},"end":{"line":62,"column":1}},"loc":{"start":{"line":53,"column":0},"end":{"line":62,"column":1}},"line":53},"2":{"name":"transitionDraftPullRequestToReady","decl":{"start":{"line":86,"column":0},"end":{"line":115,"column":1}},"loc":{"start":{"line":86,"column":0},"end":{"line":115,"column":1}},"line":86}},"f":{"0":12,"1":8,"2":3}}
}
